[2020-12-01 20:07:30] flarum.ERROR: Swift_TransportException: Process could not be started [O sistema nÆo pode encontrar o caminho especificado.
] in C:\wamp64\www\flarum\vendor\swiftmailer\swiftmailer\lib\classes\Swift\Transport\StreamBuffer.php:302
Stack trace:
#0 C:\wamp64\www\flarum\vendor\swiftmailer\swiftmailer\lib\classes\Swift\Transport\StreamBuffer.php(54): Swift_Transport_StreamBuffer->establishProcessConnection()
#1 C:\wamp64\www\flarum\vendor\swiftmailer\swiftmailer\lib\classes\Swift\Transport\AbstractSmtpTransport.php(143): Swift_Transport_StreamBuffer->initialize(Array)
#2 C:\wamp64\www\flarum\vendor\swiftmailer\swiftmailer\lib\classes\Swift\Transport\SendmailTransport.php(50): Swift_Transport_AbstractSmtpTransport->start()
#3 C:\wamp64\www\flarum\vendor\swiftmailer\swiftmailer\lib\classes\Swift\Mailer.php(65): Swift_Transport_SendmailTransport->start()
#4 C:\wamp64\www\flarum\vendor\illuminate\mail\Mailer.php(488): Swift_Mailer->send(Object(Swift_Message), Array)
#5 C:\wamp64\www\flarum\vendor\illuminate\mail\Mailer.php(261): Illuminate\Mail\Mailer->sendSwiftMessage(Object(Swift_Message))
#6 C:\wamp64\www\flarum\vendor\illuminate\mail\Mailer.php(185): Illuminate\Mail\Mailer->send(NULL, Array, Object(Closure))
#7 C:\wamp64\www\flarum\vendor\flarum\core\src\Mail\Job\SendRawEmailJob.php(34): Illuminate\Mail\Mailer->raw('Hey poli!\n\nSome...', Object(Closure))
#8 C:\wamp64\www\flarum\vendor\illuminate\container\BoundMethod.php(36): Flarum\Mail\Job\SendRawEmailJob->handle(Object(Illuminate\Mail\Mailer))
#9 C:\wamp64\www\flarum\vendor\illuminate\container\Util.php(37): Illuminate\Container\BoundMethod::Illuminate\Container\{closure}()
#10 C:\wamp64\www\flarum\vendor\illuminate\container\BoundMethod.php(93): Illuminate\Container\Util::unwrapIfClosure(Object(Closure))
#11 C:\wamp64\www\flarum\vendor\illuminate\container\BoundMethod.php(37): Illuminate\Container\BoundMethod::callBoundMethod(Object(Illuminate\Container\Container), Array, Object(Closure))
#12 C:\wamp64\www\flarum\vendor\illuminate\container\Container.php(590): Illuminate\Container\BoundMethod::call(Object(Illuminate\Container\Container), Array, Array, NULL)
#13 C:\wamp64\www\flarum\vendor\illuminate\bus\Dispatcher.php(94): Illuminate\Container\Container->call(Array)
#14 C:\wamp64\www\flarum\vendor\illuminate\pipeline\Pipeline.php(130): Illuminate\Bus\Dispatcher->Illuminate\Bus\{closure}(Object(Flarum\Mail\Job\SendRawEmailJob))
#15 C:\wamp64\www\flarum\vendor\illuminate\pipeline\Pipeline.php(105): Illuminate\Pipeline\Pipeline->Illuminate\Pipeline\{closure}(Object(Flarum\Mail\Job\SendRawEmailJob))
#16 C:\wamp64\www\flarum\vendor\illuminate\bus\Dispatcher.php(98): Illuminate\Pipeline\Pipeline->then(Object(Closure))
#17 C:\wamp64\www\flarum\vendor\illuminate\queue\CallQueuedHandler.php(83): Illuminate\Bus\Dispatcher->dispatchNow(Object(Flarum\Mail\Job\SendRawEmailJob), false)
#18 C:\wamp64\www\flarum\vendor\illuminate\pipeline\Pipeline.php(130): Illuminate\Queue\CallQueuedHandler->Illuminate\Queue\{closure}(Object(Flarum\Mail\Job\SendRawEmailJob))
#19 C:\wamp64\www\flarum\vendor\illuminate\pipeline\Pipeline.php(105): Illuminate\Pipeline\Pipeline->Illuminate\Pipeline\{closure}(Object(Flarum\Mail\Job\SendRawEmailJob))
#20 C:\wamp64\www\flarum\vendor\illuminate\queue\CallQueuedHandler.php(85): Illuminate\Pipeline\Pipeline->then(Object(Closure))
#21 C:\wamp64\www\flarum\vendor\illuminate\queue\CallQueuedHandler.php(59): Illuminate\Queue\CallQueuedHandler->dispatchThroughMiddleware(Object(Illuminate\Queue\Jobs\SyncJob), Object(Flarum\Mail\Job\SendRawEmailJob))
#22 C:\wamp64\www\flarum\vendor\illuminate\queue\Jobs\Job.php(88): Illuminate\Queue\CallQueuedHandler->call(Object(Illuminate\Queue\Jobs\SyncJob), Array)
#23 C:\wamp64\www\flarum\vendor\illuminate\queue\SyncQueue.php(45): Illuminate\Queue\Jobs\Job->fire()
#24 C:\wamp64\www\flarum\vendor\flarum\core\src\User\AccountActivationMailer.php(68): Illuminate\Queue\SyncQueue->push(Object(Flarum\Mail\Job\SendRawEmailJob))
#25 C:\wamp64\www\flarum\vendor\illuminate\events\Dispatcher.php(389): Flarum\User\AccountActivationMailer->handle(Object(Flarum\User\Event\Registered))
#26 C:\wamp64\www\flarum\vendor\illuminate\events\Dispatcher.php(218): Illuminate\Events\Dispatcher->Illuminate\Events\{closure}('Flarum\\User\\Eve...', Array)
#27 C:\wamp64\www\flarum\vendor\flarum\core\src\Foundation\DispatchEventsTrait.php(33): Illuminate\Events\Dispatcher->dispatch('Flarum\\User\\Eve...')
#28 C:\wamp64\www\flarum\vendor\flarum\core\src\User\Command\RegisterUserHandler.php(112): Flarum\User\Command\RegisterUserHandler->dispatchEventsFor(Object(Flarum\User\User), Object(Flarum\User\Guest))
#29 C:\wamp64\www\flarum\vendor\illuminate\bus\Dispatcher.php(90): Flarum\User\Command\RegisterUserHandler->handle(Object(Flarum\User\Command\RegisterUser))
#30 C:\wamp64\www\flarum\vendor\illuminate\pipeline\Pipeline.php(130): Illuminate\Bus\Dispatcher->Illuminate\Bus\{closure}(Object(Flarum\User\Command\RegisterUser))
#31 C:\wamp64\www\flarum\vendor\illuminate\pipeline\Pipeline.php(105): Illuminate\Pipeline\Pipeline->Illuminate\Pipeline\{closure}(Object(Flarum\User\Command\RegisterUser))
#32 C:\wamp64\www\flarum\vendor\illuminate\bus\Dispatcher.php(98): Illuminate\Pipeline\Pipeline->then(Object(Closure))
#33 C:\wamp64\www\flarum\vendor\illuminate\bus\Dispatcher.php(76): Illuminate\Bus\Dispatcher->dispatchNow(Object(Flarum\User\Command\RegisterUser))
#34 C:\wamp64\www\flarum\vendor\flarum\core\src\Api\Controller\CreateUserController.php(45): Illuminate\Bus\Dispatcher->dispatch(Object(Flarum\User\Command\RegisterUser))
#35 C:\wamp64\www\flarum\vendor\flarum\core\src\Api\Controller\AbstractSerializeController.php(96): Flarum\Api\Controller\CreateUserController->data(Object(Laminas\Diactoros\ServerRequest), Object(Tobscure\JsonApi\Document))
#36 C:\wamp64\www\flarum\vendor\flarum\core\src\Api\Controller\AbstractCreateController.php(22): Flarum\Api\Controller\AbstractSerializeController->handle(Object(Laminas\Diactoros\ServerRequest))
#37 C:\wamp64\www\flarum\vendor\flarum\core\src\Api\Client.php(72): Flarum\Api\Controller\AbstractCreateController->handle(Object(Laminas\Diactoros\ServerRequest))
#38 C:\wamp64\www\flarum\vendor\flarum\core\src\Forum\Controller\RegisterController.php(58): Flarum\Api\Client->send(Object(Flarum\Api\Controller\CreateUserController), Object(Flarum\User\Guest), Array, Array)
#39 C:\wamp64\www\flarum\vendor\flarum\core\src\Http\RouteHandlerFactory.php(38): Flarum\Forum\Controller\RegisterController->handle(Object(Laminas\Diactoros\ServerRequest))
#40 C:\wamp64\www\flarum\vendor\flarum\core\src\Http\Middleware\DispatchRoute.php(65): Flarum\Http\RouteHandlerFactory->Flarum\Http\{closure}(Object(Laminas\Diactoros\ServerRequest), Array)
#41 C:\wamp64\www\flarum\vendor\laminas\laminas-stratigility\src\Next.php(61): Flarum\Http\Middleware\DispatchRoute->process(Object(Laminas\Diactoros\ServerRequest), Object(Closure))
#42 C:\wamp64\www\flarum\vendor\flarum\core\src\Http\Middleware\ShareErrorsFromSession.php(57): Laminas\Stratigility\Next->handle(Object(Laminas\Diactoros\ServerRequest))
#43 C:\wamp64\www\flarum\vendor\laminas\laminas-stratigility\src\Next.php(61): Flarum\Http\Middleware\ShareErrorsFromSession->process(Object(Laminas\Diactoros\ServerRequest), Object(Laminas\Stratigility\Next))
#44 C:\wamp64\www\flarum\vendor\flarum\core\src\Http\Middleware\SetLocale.php(50): Laminas\Stratigility\Next->handle(Object(Laminas\Diactoros\ServerRequest))
#45 C:\wamp64\www\flarum\vendor\laminas\laminas-stratigility\src\Next.php(61): Flarum\Http\Middleware\SetLocale->process(Object(Laminas\Diactoros\ServerRequest), Object(Laminas\Stratigility\Next))
#46 C:\wamp64\www\flarum\vendor\flarum\core\src\Http\Middleware\CheckCsrfToken.php(45): Laminas\Stratigility\Next->handle(Object(Laminas\Diactoros\ServerRequest))
#47 C:\wamp64\www\flarum\vendor\laminas\laminas-stratigility\src\Next.php(61): Flarum\Http\Middleware\CheckCsrfToken->process(Object(Laminas\Diactoros\ServerRequest), Object(Laminas\Stratigility\Next))
#48 C:\wamp64\www\flarum\vendor\flarum\core\src\Http\Middleware\AuthenticateWithSession.php(32): Laminas\Stratigility\Next->handle(Object(Laminas\Diactoros\ServerRequest))
#49 C:\wamp64\www\flarum\vendor\laminas\laminas-stratigility\src\Next.php(61): Flarum\Http\Middleware\AuthenticateWithSession->process(Object(Laminas\Diactoros\ServerRequest), Object(Laminas\Stratigility\Next))
#50 C:\wamp64\www\flarum\vendor\flarum\core\src\Http\Middleware\RememberFromCookie.php(51): Laminas\Stratigility\Next->handle(Object(Laminas\Diactoros\ServerRequest))
#51 C:\wamp64\www\flarum\vendor\laminas\laminas-stratigility\src\Next.php(61): Flarum\Http\Middleware\RememberFromCookie->process(Object(Laminas\Diactoros\ServerRequest), Object(Laminas\Stratigility\Next))
#52 C:\wamp64\www\flarum\vendor\flarum\core\src\Http\Middleware\StartSession.php(61): Laminas\Stratigility\Next->handle(Object(Laminas\Diactoros\ServerRequest))
#53 C:\wamp64\www\flarum\vendor\laminas\laminas-stratigility\src\Next.php(61): Flarum\Http\Middleware\StartSession->process(Object(Laminas\Diactoros\ServerRequest), Object(Laminas\Stratigility\Next))
#54 C:\wamp64\www\flarum\vendor\flarum\core\src\Http\Middleware\CollectGarbage.php(46): Laminas\Stratigility\Next->handle(Object(Laminas\Diactoros\ServerRequest))
#55 C:\wamp64\www\flarum\vendor\laminas\laminas-stratigility\src\Next.php(61): Flarum\Http\Middleware\CollectGarbage->process(Object(Laminas\Diactoros\ServerRequest), Object(Laminas\Stratigility\Next))
#56 C:\wamp64\www\flarum\vendor\flarum\core\src\Http\Middleware\ParseJsonBody.php(28): Laminas\Stratigility\Next->handle(Object(Laminas\Diactoros\ServerRequest))
#57 C:\wamp64\www\flarum\vendor\laminas\laminas-stratigility\src\Next.php(61): Flarum\Http\Middleware\ParseJsonBody->process(Object(Laminas\Diactoros\ServerRequest), Object(Laminas\Stratigility\Next))
#58 C:\wamp64\www\flarum\vendor\flarum\core\src\Http\Middleware\HandleErrors.php(57): Laminas\Stratigility\Next->handle(Object(Laminas\Diactoros\ServerRequest))
#59 C:\wamp64\www\flarum\vendor\laminas\laminas-stratigility\src\Next.php(61): Flarum\Http\Middleware\HandleErrors->process(Object(Laminas\Diactoros\ServerRequest), Object(Laminas\Stratigility\Next))
#60 C:\wamp64\www\flarum\vendor\laminas\laminas-stratigility\src\MiddlewarePipe.php(84): Laminas\Stratigility\Next->handle(Object(Laminas\Diactoros\ServerRequest))
#61 C:\wamp64\www\flarum\vendor\middlewares\request-handler\src\RequestHandler.php(84): Laminas\Stratigility\MiddlewarePipe->process(Object(Laminas\Diactoros\ServerRequest), Object(Laminas\Stratigility\Next))
#62 C:\wamp64\www\flarum\vendor\laminas\laminas-stratigility\src\Next.php(61): Middlewares\RequestHandler->process(Object(Laminas\Diactoros\ServerRequest), Object(Laminas\Stratigility\Next))
#63 C:\wamp64\www\flarum\vendor\middlewares\base-path-router\src\BasePathRouter.php(97): Laminas\Stratigility\Next->handle(Object(Laminas\Diactoros\ServerRequest))
#64 C:\wamp64\www\flarum\vendor\laminas\laminas-stratigility\src\Next.php(61): Middlewares\BasePathRouter->process(Object(Laminas\Diactoros\ServerRequest), Object(Laminas\Stratigility\Next))
#65 C:\wamp64\www\flarum\vendor\laminas\laminas-stratigility\src\Middleware\OriginalMessages.php(42): Laminas\Stratigility\Next->handle(Object(Laminas\Diactoros\ServerRequest))
#66 C:\wamp64\www\flarum\vendor\laminas\laminas-stratigility\src\Next.php(61): Laminas\Stratigility\Middleware\OriginalMessages->process(Object(Laminas\Diactoros\ServerRequest), Object(Laminas\Stratigility\Next))
#67 C:\wamp64\www\flarum\vendor\middlewares\base-path\src\BasePath.php(53): Laminas\Stratigility\Next->handle(Object(Laminas\Diactoros\ServerRequest))
#68 C:\wamp64\www\flarum\vendor\laminas\laminas-stratigility\src\Next.php(61): Middlewares\BasePath->process(Object(Laminas\Diactoros\ServerRequest), Object(Laminas\Stratigility\Next))
#69 C:\wamp64\www\flarum\vendor\laminas\laminas-stratigility\src\MiddlewarePipe.php(84): Laminas\Stratigility\Next->handle(Object(Laminas\Diactoros\ServerRequest))
#70 C:\wamp64\www\flarum\vendor\laminas\laminas-stratigility\src\MiddlewarePipe.php(73): Laminas\Stratigility\MiddlewarePipe->process(Object(Laminas\Diactoros\ServerRequest), Object(Laminas\Stratigility\EmptyPipelineHandler))
#71 C:\wamp64\www\flarum\vendor\laminas\laminas-httphandlerrunner\src\RequestHandlerRunner.php(96): Laminas\Stratigility\MiddlewarePipe->handle(Object(Laminas\Diactoros\ServerRequest))
#72 C:\wamp64\www\flarum\vendor\flarum\core\src\Http\Server.php(42): Laminas\HttpHandlerRunner\RequestHandlerRunner->run()
#73 C:\wamp64\www\flarum\public\index.php(26): Flarum\Http\Server->listen()
#74 {main}  
[2020-12-01 20:07:30] flarum.ERROR: Swift_TransportException: Process could not be started [O sistema nÆo pode encontrar o caminho especificado.
] in C:\wamp64\www\flarum\vendor\swiftmailer\swiftmailer\lib\classes\Swift\Transport\StreamBuffer.php:302
Stack trace:
#0 C:\wamp64\www\flarum\vendor\swiftmailer\swiftmailer\lib\classes\Swift\Transport\StreamBuffer.php(54): Swift_Transport_StreamBuffer->establishProcessConnection()
#1 C:\wamp64\www\flarum\vendor\swiftmailer\swiftmailer\lib\classes\Swift\Transport\AbstractSmtpTransport.php(143): Swift_Transport_StreamBuffer->initialize(Array)
#2 C:\wamp64\www\flarum\vendor\swiftmailer\swiftmailer\lib\classes\Swift\Transport\SendmailTransport.php(50): Swift_Transport_AbstractSmtpTransport->start()
#3 C:\wamp64\www\flarum\vendor\swiftmailer\swiftmailer\lib\classes\Swift\Mailer.php(65): Swift_Transport_SendmailTransport->start()
#4 C:\wamp64\www\flarum\vendor\illuminate\mail\Mailer.php(488): Swift_Mailer->send(Object(Swift_Message), Array)
#5 C:\wamp64\www\flarum\vendor\illuminate\mail\Mailer.php(261): Illuminate\Mail\Mailer->sendSwiftMessage(Object(Swift_Message))
#6 C:\wamp64\www\flarum\vendor\illuminate\mail\Mailer.php(185): Illuminate\Mail\Mailer->send(NULL, Array, Object(Closure))
#7 C:\wamp64\www\flarum\vendor\flarum\core\src\Mail\Job\SendRawEmailJob.php(34): Illuminate\Mail\Mailer->raw('Hey poli!\n\nSome...', Object(Closure))
#8 C:\wamp64\www\flarum\vendor\illuminate\container\BoundMethod.php(36): Flarum\Mail\Job\SendRawEmailJob->handle(Object(Illuminate\Mail\Mailer))
#9 C:\wamp64\www\flarum\vendor\illuminate\container\Util.php(37): Illuminate\Container\BoundMethod::Illuminate\Container\{closure}()
#10 C:\wamp64\www\flarum\vendor\illuminate\container\BoundMethod.php(93): Illuminate\Container\Util::unwrapIfClosure(Object(Closure))
#11 C:\wamp64\www\flarum\vendor\illuminate\container\BoundMethod.php(37): Illuminate\Container\BoundMethod::callBoundMethod(Object(Illuminate\Container\Container), Array, Object(Closure))
#12 C:\wamp64\www\flarum\vendor\illuminate\container\Container.php(590): Illuminate\Container\BoundMethod::call(Object(Illuminate\Container\Container), Array, Array, NULL)
#13 C:\wamp64\www\flarum\vendor\illuminate\bus\Dispatcher.php(94): Illuminate\Container\Container->call(Array)
#14 C:\wamp64\www\flarum\vendor\illuminate\pipeline\Pipeline.php(130): Illuminate\Bus\Dispatcher->Illuminate\Bus\{closure}(Object(Flarum\Mail\Job\SendRawEmailJob))
#15 C:\wamp64\www\flarum\vendor\illuminate\pipeline\Pipeline.php(105): Illuminate\Pipeline\Pipeline->Illuminate\Pipeline\{closure}(Object(Flarum\Mail\Job\SendRawEmailJob))
#16 C:\wamp64\www\flarum\vendor\illuminate\bus\Dispatcher.php(98): Illuminate\Pipeline\Pipeline->then(Object(Closure))
#17 C:\wamp64\www\flarum\vendor\illuminate\queue\CallQueuedHandler.php(83): Illuminate\Bus\Dispatcher->dispatchNow(Object(Flarum\Mail\Job\SendRawEmailJob), false)
#18 C:\wamp64\www\flarum\vendor\illuminate\pipeline\Pipeline.php(130): Illuminate\Queue\CallQueuedHandler->Illuminate\Queue\{closure}(Object(Flarum\Mail\Job\SendRawEmailJob))
#19 C:\wamp64\www\flarum\vendor\illuminate\pipeline\Pipeline.php(105): Illuminate\Pipeline\Pipeline->Illuminate\Pipeline\{closure}(Object(Flarum\Mail\Job\SendRawEmailJob))
#20 C:\wamp64\www\flarum\vendor\illuminate\queue\CallQueuedHandler.php(85): Illuminate\Pipeline\Pipeline->then(Object(Closure))
#21 C:\wamp64\www\flarum\vendor\illuminate\queue\CallQueuedHandler.php(59): Illuminate\Queue\CallQueuedHandler->dispatchThroughMiddleware(Object(Illuminate\Queue\Jobs\SyncJob), Object(Flarum\Mail\Job\SendRawEmailJob))
#22 C:\wamp64\www\flarum\vendor\illuminate\queue\Jobs\Job.php(88): Illuminate\Queue\CallQueuedHandler->call(Object(Illuminate\Queue\Jobs\SyncJob), Array)
#23 C:\wamp64\www\flarum\vendor\illuminate\queue\SyncQueue.php(45): Illuminate\Queue\Jobs\Job->fire()
#24 C:\wamp64\www\flarum\vendor\flarum\core\src\User\AccountActivationMailer.php(68): Illuminate\Queue\SyncQueue->push(Object(Flarum\Mail\Job\SendRawEmailJob))
#25 C:\wamp64\www\flarum\vendor\illuminate\events\Dispatcher.php(389): Flarum\User\AccountActivationMailer->handle(Object(Flarum\User\Event\Registered))
#26 C:\wamp64\www\flarum\vendor\illuminate\events\Dispatcher.php(218): Illuminate\Events\Dispatcher->Illuminate\Events\{closure}('Flarum\\User\\Eve...', Array)
#27 C:\wamp64\www\flarum\vendor\flarum\core\src\Foundation\DispatchEventsTrait.php(33): Illuminate\Events\Dispatcher->dispatch('Flarum\\User\\Eve...')
#28 C:\wamp64\www\flarum\vendor\flarum\core\src\User\Command\RegisterUserHandler.php(112): Flarum\User\Command\RegisterUserHandler->dispatchEventsFor(Object(Flarum\User\User), Object(Flarum\User\Guest))
#29 C:\wamp64\www\flarum\vendor\illuminate\bus\Dispatcher.php(90): Flarum\User\Command\RegisterUserHandler->handle(Object(Flarum\User\Command\RegisterUser))
#30 C:\wamp64\www\flarum\vendor\illuminate\pipeline\Pipeline.php(130): Illuminate\Bus\Dispatcher->Illuminate\Bus\{closure}(Object(Flarum\User\Command\RegisterUser))
#31 C:\wamp64\www\flarum\vendor\illuminate\pipeline\Pipeline.php(105): Illuminate\Pipeline\Pipeline->Illuminate\Pipeline\{closure}(Object(Flarum\User\Command\RegisterUser))
#32 C:\wamp64\www\flarum\vendor\illuminate\bus\Dispatcher.php(98): Illuminate\Pipeline\Pipeline->then(Object(Closure))
#33 C:\wamp64\www\flarum\vendor\illuminate\bus\Dispatcher.php(76): Illuminate\Bus\Dispatcher->dispatchNow(Object(Flarum\User\Command\RegisterUser))
#34 C:\wamp64\www\flarum\vendor\flarum\core\src\Api\Controller\CreateUserController.php(45): Illuminate\Bus\Dispatcher->dispatch(Object(Flarum\User\Command\RegisterUser))
#35 C:\wamp64\www\flarum\vendor\flarum\core\src\Api\Controller\AbstractSerializeController.php(96): Flarum\Api\Controller\CreateUserController->data(Object(Laminas\Diactoros\ServerRequest), Object(Tobscure\JsonApi\Document))
#36 C:\wamp64\www\flarum\vendor\flarum\core\src\Api\Controller\AbstractCreateController.php(22): Flarum\Api\Controller\AbstractSerializeController->handle(Object(Laminas\Diactoros\ServerRequest))
#37 C:\wamp64\www\flarum\vendor\flarum\core\src\Api\Client.php(72): Flarum\Api\Controller\AbstractCreateController->handle(Object(Laminas\Diactoros\ServerRequest))
#38 C:\wamp64\www\flarum\vendor\flarum\core\src\Forum\Controller\RegisterController.php(58): Flarum\Api\Client->send(Object(Flarum\Api\Controller\CreateUserController), Object(Flarum\User\Guest), Array, Array)
#39 C:\wamp64\www\flarum\vendor\flarum\core\src\Http\RouteHandlerFactory.php(38): Flarum\Forum\Controller\RegisterController->handle(Object(Laminas\Diactoros\ServerRequest))
#40 C:\wamp64\www\flarum\vendor\flarum\core\src\Http\Middleware\DispatchRoute.php(65): Flarum\Http\RouteHandlerFactory->Flarum\Http\{closure}(Object(Laminas\Diactoros\ServerRequest), Array)
#41 C:\wamp64\www\flarum\vendor\laminas\laminas-stratigility\src\Next.php(61): Flarum\Http\Middleware\DispatchRoute->process(Object(Laminas\Diactoros\ServerRequest), Object(Closure))
#42 C:\wamp64\www\flarum\vendor\flarum\core\src\Http\Middleware\ShareErrorsFromSession.php(57): Laminas\Stratigility\Next->handle(Object(Laminas\Diactoros\ServerRequest))
#43 C:\wamp64\www\flarum\vendor\laminas\laminas-stratigility\src\Next.php(61): Flarum\Http\Middleware\ShareErrorsFromSession->process(Object(Laminas\Diactoros\ServerRequest), Object(Laminas\Stratigility\Next))
#44 C:\wamp64\www\flarum\vendor\flarum\core\src\Http\Middleware\SetLocale.php(50): Laminas\Stratigility\Next->handle(Object(Laminas\Diactoros\ServerRequest))
#45 C:\wamp64\www\flarum\vendor\laminas\laminas-stratigility\src\Next.php(61): Flarum\Http\Middleware\SetLocale->process(Object(Laminas\Diactoros\ServerRequest), Object(Laminas\Stratigility\Next))
#46 C:\wamp64\www\flarum\vendor\flarum\core\src\Http\Middleware\CheckCsrfToken.php(45): Laminas\Stratigility\Next->handle(Object(Laminas\Diactoros\ServerRequest))
#47 C:\wamp64\www\flarum\vendor\laminas\laminas-stratigility\src\Next.php(61): Flarum\Http\Middleware\CheckCsrfToken->process(Object(Laminas\Diactoros\ServerRequest), Object(Laminas\Stratigility\Next))
#48 C:\wamp64\www\flarum\vendor\flarum\core\src\Http\Middleware\AuthenticateWithSession.php(32): Laminas\Stratigility\Next->handle(Object(Laminas\Diactoros\ServerRequest))
#49 C:\wamp64\www\flarum\vendor\laminas\laminas-stratigility\src\Next.php(61): Flarum\Http\Middleware\AuthenticateWithSession->process(Object(Laminas\Diactoros\ServerRequest), Object(Laminas\Stratigility\Next))
#50 C:\wamp64\www\flarum\vendor\flarum\core\src\Http\Middleware\RememberFromCookie.php(51): Laminas\Stratigility\Next->handle(Object(Laminas\Diactoros\ServerRequest))
#51 C:\wamp64\www\flarum\vendor\laminas\laminas-stratigility\src\Next.php(61): Flarum\Http\Middleware\RememberFromCookie->process(Object(Laminas\Diactoros\ServerRequest), Object(Laminas\Stratigility\Next))
#52 C:\wamp64\www\flarum\vendor\flarum\core\src\Http\Middleware\StartSession.php(61): Laminas\Stratigility\Next->handle(Object(Laminas\Diactoros\ServerRequest))
#53 C:\wamp64\www\flarum\vendor\laminas\laminas-stratigility\src\Next.php(61): Flarum\Http\Middleware\StartSession->process(Object(Laminas\Diactoros\ServerRequest), Object(Laminas\Stratigility\Next))
#54 C:\wamp64\www\flarum\vendor\flarum\core\src\Http\Middleware\CollectGarbage.php(46): Laminas\Stratigility\Next->handle(Object(Laminas\Diactoros\ServerRequest))
#55 C:\wamp64\www\flarum\vendor\laminas\laminas-stratigility\src\Next.php(61): Flarum\Http\Middleware\CollectGarbage->process(Object(Laminas\Diactoros\ServerRequest), Object(Laminas\Stratigility\Next))
#56 C:\wamp64\www\flarum\vendor\flarum\core\src\Http\Middleware\ParseJsonBody.php(28): Laminas\Stratigility\Next->handle(Object(Laminas\Diactoros\ServerRequest))
#57 C:\wamp64\www\flarum\vendor\laminas\laminas-stratigility\src\Next.php(61): Flarum\Http\Middleware\ParseJsonBody->process(Object(Laminas\Diactoros\ServerRequest), Object(Laminas\Stratigility\Next))
#58 C:\wamp64\www\flarum\vendor\flarum\core\src\Http\Middleware\HandleErrors.php(57): Laminas\Stratigility\Next->handle(Object(Laminas\Diactoros\ServerRequest))
#59 C:\wamp64\www\flarum\vendor\laminas\laminas-stratigility\src\Next.php(61): Flarum\Http\Middleware\HandleErrors->process(Object(Laminas\Diactoros\ServerRequest), Object(Laminas\Stratigility\Next))
#60 C:\wamp64\www\flarum\vendor\laminas\laminas-stratigility\src\MiddlewarePipe.php(84): Laminas\Stratigility\Next->handle(Object(Laminas\Diactoros\ServerRequest))
#61 C:\wamp64\www\flarum\vendor\middlewares\request-handler\src\RequestHandler.php(84): Laminas\Stratigility\MiddlewarePipe->process(Object(Laminas\Diactoros\ServerRequest), Object(Laminas\Stratigility\Next))
#62 C:\wamp64\www\flarum\vendor\laminas\laminas-stratigility\src\Next.php(61): Middlewares\RequestHandler->process(Object(Laminas\Diactoros\ServerRequest), Object(Laminas\Stratigility\Next))
#63 C:\wamp64\www\flarum\vendor\middlewares\base-path-router\src\BasePathRouter.php(97): Laminas\Stratigility\Next->handle(Object(Laminas\Diactoros\ServerRequest))
#64 C:\wamp64\www\flarum\vendor\laminas\laminas-stratigility\src\Next.php(61): Middlewares\BasePathRouter->process(Object(Laminas\Diactoros\ServerRequest), Object(Laminas\Stratigility\Next))
#65 C:\wamp64\www\flarum\vendor\laminas\laminas-stratigility\src\Middleware\OriginalMessages.php(42): Laminas\Stratigility\Next->handle(Object(Laminas\Diactoros\ServerRequest))
#66 C:\wamp64\www\flarum\vendor\laminas\laminas-stratigility\src\Next.php(61): Laminas\Stratigility\Middleware\OriginalMessages->process(Object(Laminas\Diactoros\ServerRequest), Object(Laminas\Stratigility\Next))
#67 C:\wamp64\www\flarum\vendor\middlewares\base-path\src\BasePath.php(53): Laminas\Stratigility\Next->handle(Object(Laminas\Diactoros\ServerRequest))
#68 C:\wamp64\www\flarum\vendor\laminas\laminas-stratigility\src\Next.php(61): Middlewares\BasePath->process(Object(Laminas\Diactoros\ServerRequest), Object(Laminas\Stratigility\Next))
#69 C:\wamp64\www\flarum\vendor\laminas\laminas-stratigility\src\MiddlewarePipe.php(84): Laminas\Stratigility\Next->handle(Object(Laminas\Diactoros\ServerRequest))
#70 C:\wamp64\www\flarum\vendor\laminas\laminas-stratigility\src\MiddlewarePipe.php(73): Laminas\Stratigility\MiddlewarePipe->process(Object(Laminas\Diactoros\ServerRequest), Object(Laminas\Stratigility\EmptyPipelineHandler))
#71 C:\wamp64\www\flarum\vendor\laminas\laminas-httphandlerrunner\src\RequestHandlerRunner.php(96): Laminas\Stratigility\MiddlewarePipe->handle(Object(Laminas\Diactoros\ServerRequest))
#72 C:\wamp64\www\flarum\vendor\flarum\core\src\Http\Server.php(42): Laminas\HttpHandlerRunner\RequestHandlerRunner->run()
#73 C:\wamp64\www\flarum\public\index.php(26): Flarum\Http\Server->listen()
#74 {main}  
