[2021-05-12 12:10:04] flarum.ERROR: Swift_TransportException: Failed to authenticate on SMTP server with username "popoli2424@gmail.com" using 3 possible authenticators. Authenticator LOGIN returned Expected response code 235 but got code "535", with message "535-5.7.8 Username and Password not accepted. Learn more at
535 5.7.8  https://support.google.com/mail/?p=BadCredentials 75sm16441718qta.58 - gsmtp
". Authenticator PLAIN returned Expected response code 235 but got code "535", with message "535-5.7.8 Username and Password not accepted. Learn more at
535 5.7.8  https://support.google.com/mail/?p=BadCredentials 75sm16441718qta.58 - gsmtp
". Authenticator XOAUTH2 returned Expected response code 250 but got code "535", with message "535-5.7.8 Username and Password not accepted. Learn more at
535 5.7.8  https://support.google.com/mail/?p=BadCredentials 75sm16441718qta.58 - gsmtp
". in C:\wamp64\www\flarum\vendor\swiftmailer\swiftmailer\lib\classes\Swift\Transport\Esmtp\AuthHandler.php:191
Stack trace:
#0 C:\wamp64\www\flarum\vendor\swiftmailer\swiftmailer\lib\classes\Swift\Transport\EsmtpTransport.php(371): Swift_Transport_Esmtp_AuthHandler->afterEhlo(Object(Swift_SmtpTransport))
#1 C:\wamp64\www\flarum\vendor\swiftmailer\swiftmailer\lib\classes\Swift\Transport\AbstractSmtpTransport.php(148): Swift_Transport_EsmtpTransport->doHeloCommand()
#2 C:\wamp64\www\flarum\vendor\swiftmailer\swiftmailer\lib\classes\Swift\Mailer.php(65): Swift_Transport_AbstractSmtpTransport->start()
#3 C:\wamp64\www\flarum\vendor\illuminate\mail\Mailer.php(488): Swift_Mailer->send(Object(Swift_Message), Array)
#4 C:\wamp64\www\flarum\vendor\illuminate\mail\Mailer.php(261): Illuminate\Mail\Mailer->sendSwiftMessage(Object(Swift_Message))
#5 C:\wamp64\www\flarum\vendor\illuminate\mail\Mailer.php(185): Illuminate\Mail\Mailer->send(NULL, Array, Object(Closure))
#6 C:\wamp64\www\flarum\vendor\flarum\core\src\Api\Controller\SendTestMailController.php(46): Illuminate\Mail\Mailer->raw('Hey administrad...', Object(Closure))
#7 C:\wamp64\www\flarum\vendor\flarum\core\src\Http\RouteHandlerFactory.php(38): Flarum\Api\Controller\SendTestMailController->handle(Object(Laminas\Diactoros\ServerRequest))
#8 C:\wamp64\www\flarum\vendor\flarum\core\src\Http\Middleware\DispatchRoute.php(65): Flarum\Http\RouteHandlerFactory->Flarum\Http\{closure}(Object(Laminas\Diactoros\ServerRequest), Array)
#9 C:\wamp64\www\flarum\vendor\laminas\laminas-stratigility\src\Next.php(61): Flarum\Http\Middleware\DispatchRoute->process(Object(Laminas\Diactoros\ServerRequest), Object(Closure))
#10 C:\wamp64\www\flarum\vendor\flarum\core\src\Http\Middleware\SetLocale.php(50): Laminas\Stratigility\Next->handle(Object(Laminas\Diactoros\ServerRequest))
#11 C:\wamp64\www\flarum\vendor\laminas\laminas-stratigility\src\Next.php(61): Flarum\Http\Middleware\SetLocale->process(Object(Laminas\Diactoros\ServerRequest), Object(Laminas\Stratigility\Next))
#12 C:\wamp64\www\flarum\vendor\flarum\core\src\Http\Middleware\CheckCsrfToken.php(45): Laminas\Stratigility\Next->handle(Object(Laminas\Diactoros\ServerRequest))
#13 C:\wamp64\www\flarum\vendor\laminas\laminas-stratigility\src\Next.php(61): Flarum\Http\Middleware\CheckCsrfToken->process(Object(Laminas\Diactoros\ServerRequest), Object(Laminas\Stratigility\Next))
#14 C:\wamp64\www\flarum\vendor\flarum\core\src\Http\Middleware\AuthenticateWithHeader.php(55): Laminas\Stratigility\Next->handle(Object(Laminas\Diactoros\ServerRequest))
#15 C:\wamp64\www\flarum\vendor\laminas\laminas-stratigility\src\Next.php(61): Flarum\Http\Middleware\AuthenticateWithHeader->process(Object(Laminas\Diactoros\ServerRequest), Object(Laminas\Stratigility\Next))
#16 C:\wamp64\www\flarum\vendor\flarum\core\src\Http\Middleware\AuthenticateWithSession.php(32): Laminas\Stratigility\Next->handle(Object(Laminas\Diactoros\ServerRequest))
#17 C:\wamp64\www\flarum\vendor\laminas\laminas-stratigility\src\Next.php(61): Flarum\Http\Middleware\AuthenticateWithSession->process(Object(Laminas\Diactoros\ServerRequest), Object(Laminas\Stratigility\Next))
#18 C:\wamp64\www\flarum\vendor\flarum\core\src\Http\Middleware\RememberFromCookie.php(51): Laminas\Stratigility\Next->handle(Object(Laminas\Diactoros\ServerRequest))
#19 C:\wamp64\www\flarum\vendor\laminas\laminas-stratigility\src\Next.php(61): Flarum\Http\Middleware\RememberFromCookie->process(Object(Laminas\Diactoros\ServerRequest), Object(Laminas\Stratigility\Next))
#20 C:\wamp64\www\flarum\vendor\flarum\core\src\Http\Middleware\StartSession.php(61): Laminas\Stratigility\Next->handle(Object(Laminas\Diactoros\ServerRequest))
#21 C:\wamp64\www\flarum\vendor\laminas\laminas-stratigility\src\Next.php(61): Flarum\Http\Middleware\StartSession->process(Object(Laminas\Diactoros\ServerRequest), Object(Laminas\Stratigility\Next))
#22 C:\wamp64\www\flarum\vendor\flarum\core\src\Api\Middleware\FakeHttpMethods.php(29): Laminas\Stratigility\Next->handle(Object(Laminas\Diactoros\ServerRequest))
#23 C:\wamp64\www\flarum\vendor\laminas\laminas-stratigility\src\Next.php(61): Flarum\Api\Middleware\FakeHttpMethods->process(Object(Laminas\Diactoros\ServerRequest), Object(Laminas\Stratigility\Next))
#24 C:\wamp64\www\flarum\vendor\flarum\core\src\Http\Middleware\ParseJsonBody.php(28): Laminas\Stratigility\Next->handle(Object(Laminas\Diactoros\ServerRequest))
#25 C:\wamp64\www\flarum\vendor\laminas\laminas-stratigility\src\Next.php(61): Flarum\Http\Middleware\ParseJsonBody->process(Object(Laminas\Diactoros\ServerRequest), Object(Laminas\Stratigility\Next))
#26 C:\wamp64\www\flarum\vendor\flarum\core\src\Http\Middleware\HandleErrors.php(57): Laminas\Stratigility\Next->handle(Object(Laminas\Diactoros\ServerRequest))
#27 C:\wamp64\www\flarum\vendor\laminas\laminas-stratigility\src\Next.php(61): Flarum\Http\Middleware\HandleErrors->process(Object(Laminas\Diactoros\ServerRequest), Object(Laminas\Stratigility\Next))
#28 C:\wamp64\www\flarum\vendor\laminas\laminas-stratigility\src\MiddlewarePipe.php(84): Laminas\Stratigility\Next->handle(Object(Laminas\Diactoros\ServerRequest))
#29 C:\wamp64\www\flarum\vendor\middlewares\request-handler\src\RequestHandler.php(84): Laminas\Stratigility\MiddlewarePipe->process(Object(Laminas\Diactoros\ServerRequest), Object(Laminas\Stratigility\Next))
#30 C:\wamp64\www\flarum\vendor\laminas\laminas-stratigility\src\Next.php(61): Middlewares\RequestHandler->process(Object(Laminas\Diactoros\ServerRequest), Object(Laminas\Stratigility\Next))
#31 C:\wamp64\www\flarum\vendor\middlewares\base-path-router\src\BasePathRouter.php(97): Laminas\Stratigility\Next->handle(Object(Laminas\Diactoros\ServerRequest))
#32 C:\wamp64\www\flarum\vendor\laminas\laminas-stratigility\src\Next.php(61): Middlewares\BasePathRouter->process(Object(Laminas\Diactoros\ServerRequest), Object(Laminas\Stratigility\Next))
#33 C:\wamp64\www\flarum\vendor\laminas\laminas-stratigility\src\Middleware\OriginalMessages.php(42): Laminas\Stratigility\Next->handle(Object(Laminas\Diactoros\ServerRequest))
#34 C:\wamp64\www\flarum\vendor\laminas\laminas-stratigility\src\Next.php(61): Laminas\Stratigility\Middleware\OriginalMessages->process(Object(Laminas\Diactoros\ServerRequest), Object(Laminas\Stratigility\Next))
#35 C:\wamp64\www\flarum\vendor\middlewares\base-path\src\BasePath.php(53): Laminas\Stratigility\Next->handle(Object(Laminas\Diactoros\ServerRequest))
#36 C:\wamp64\www\flarum\vendor\laminas\laminas-stratigility\src\Next.php(61): Middlewares\BasePath->process(Object(Laminas\Diactoros\ServerRequest), Object(Laminas\Stratigility\Next))
#37 C:\wamp64\www\flarum\vendor\laminas\laminas-stratigility\src\MiddlewarePipe.php(84): Laminas\Stratigility\Next->handle(Object(Laminas\Diactoros\ServerRequest))
#38 C:\wamp64\www\flarum\vendor\laminas\laminas-stratigility\src\MiddlewarePipe.php(73): Laminas\Stratigility\MiddlewarePipe->process(Object(Laminas\Diactoros\ServerRequest), Object(Laminas\Stratigility\EmptyPipelineHandler))
#39 C:\wamp64\www\flarum\vendor\laminas\laminas-httphandlerrunner\src\RequestHandlerRunner.php(96): Laminas\Stratigility\MiddlewarePipe->handle(Object(Laminas\Diactoros\ServerRequest))
#40 C:\wamp64\www\flarum\vendor\flarum\core\src\Http\Server.php(42): Laminas\HttpHandlerRunner\RequestHandlerRunner->run()
#41 C:\wamp64\www\flarum\public\index.php(26): Flarum\Http\Server->listen()
#42 {main}  
[2021-05-12 12:15:18] flarum.ERROR: Swift_TransportException: Failed to authenticate on SMTP server with username "popoli2424@gmail.com" using 3 possible authenticators. Authenticator LOGIN returned Expected response code 235 but got code "535", with message "535-5.7.8 Username and Password not accepted. Learn more at
535 5.7.8  https://support.google.com/mail/?p=BadCredentials m22sm15977837qkk.65 - gsmtp
". Authenticator PLAIN returned Expected response code 235 but got code "535", with message "535-5.7.8 Username and Password not accepted. Learn more at
535 5.7.8  https://support.google.com/mail/?p=BadCredentials m22sm15977837qkk.65 - gsmtp
". Authenticator XOAUTH2 returned Expected response code 250 but got code "535", with message "535-5.7.8 Username and Password not accepted. Learn more at
535 5.7.8  https://support.google.com/mail/?p=BadCredentials m22sm15977837qkk.65 - gsmtp
". in C:\wamp64\www\flarum\vendor\swiftmailer\swiftmailer\lib\classes\Swift\Transport\Esmtp\AuthHandler.php:191
Stack trace:
#0 C:\wamp64\www\flarum\vendor\swiftmailer\swiftmailer\lib\classes\Swift\Transport\EsmtpTransport.php(371): Swift_Transport_Esmtp_AuthHandler->afterEhlo(Object(Swift_SmtpTransport))
#1 C:\wamp64\www\flarum\vendor\swiftmailer\swiftmailer\lib\classes\Swift\Transport\AbstractSmtpTransport.php(148): Swift_Transport_EsmtpTransport->doHeloCommand()
#2 C:\wamp64\www\flarum\vendor\swiftmailer\swiftmailer\lib\classes\Swift\Mailer.php(65): Swift_Transport_AbstractSmtpTransport->start()
#3 C:\wamp64\www\flarum\vendor\illuminate\mail\Mailer.php(488): Swift_Mailer->send(Object(Swift_Message), Array)
#4 C:\wamp64\www\flarum\vendor\illuminate\mail\Mailer.php(261): Illuminate\Mail\Mailer->sendSwiftMessage(Object(Swift_Message))
#5 C:\wamp64\www\flarum\vendor\illuminate\mail\Mailer.php(185): Illuminate\Mail\Mailer->send(NULL, Array, Object(Closure))
#6 C:\wamp64\www\flarum\vendor\flarum\core\src\Api\Controller\SendTestMailController.php(46): Illuminate\Mail\Mailer->raw('Hey administrad...', Object(Closure))
#7 C:\wamp64\www\flarum\vendor\flarum\core\src\Http\RouteHandlerFactory.php(38): Flarum\Api\Controller\SendTestMailController->handle(Object(Laminas\Diactoros\ServerRequest))
#8 C:\wamp64\www\flarum\vendor\flarum\core\src\Http\Middleware\DispatchRoute.php(65): Flarum\Http\RouteHandlerFactory->Flarum\Http\{closure}(Object(Laminas\Diactoros\ServerRequest), Array)
#9 C:\wamp64\www\flarum\vendor\laminas\laminas-stratigility\src\Next.php(61): Flarum\Http\Middleware\DispatchRoute->process(Object(Laminas\Diactoros\ServerRequest), Object(Closure))
#10 C:\wamp64\www\flarum\vendor\flarum\core\src\Http\Middleware\SetLocale.php(50): Laminas\Stratigility\Next->handle(Object(Laminas\Diactoros\ServerRequest))
#11 C:\wamp64\www\flarum\vendor\laminas\laminas-stratigility\src\Next.php(61): Flarum\Http\Middleware\SetLocale->process(Object(Laminas\Diactoros\ServerRequest), Object(Laminas\Stratigility\Next))
#12 C:\wamp64\www\flarum\vendor\flarum\core\src\Http\Middleware\CheckCsrfToken.php(45): Laminas\Stratigility\Next->handle(Object(Laminas\Diactoros\ServerRequest))
#13 C:\wamp64\www\flarum\vendor\laminas\laminas-stratigility\src\Next.php(61): Flarum\Http\Middleware\CheckCsrfToken->process(Object(Laminas\Diactoros\ServerRequest), Object(Laminas\Stratigility\Next))
#14 C:\wamp64\www\flarum\vendor\flarum\core\src\Http\Middleware\AuthenticateWithHeader.php(55): Laminas\Stratigility\Next->handle(Object(Laminas\Diactoros\ServerRequest))
#15 C:\wamp64\www\flarum\vendor\laminas\laminas-stratigility\src\Next.php(61): Flarum\Http\Middleware\AuthenticateWithHeader->process(Object(Laminas\Diactoros\ServerRequest), Object(Laminas\Stratigility\Next))
#16 C:\wamp64\www\flarum\vendor\flarum\core\src\Http\Middleware\AuthenticateWithSession.php(32): Laminas\Stratigility\Next->handle(Object(Laminas\Diactoros\ServerRequest))
#17 C:\wamp64\www\flarum\vendor\laminas\laminas-stratigility\src\Next.php(61): Flarum\Http\Middleware\AuthenticateWithSession->process(Object(Laminas\Diactoros\ServerRequest), Object(Laminas\Stratigility\Next))
#18 C:\wamp64\www\flarum\vendor\flarum\core\src\Http\Middleware\RememberFromCookie.php(51): Laminas\Stratigility\Next->handle(Object(Laminas\Diactoros\ServerRequest))
#19 C:\wamp64\www\flarum\vendor\laminas\laminas-stratigility\src\Next.php(61): Flarum\Http\Middleware\RememberFromCookie->process(Object(Laminas\Diactoros\ServerRequest), Object(Laminas\Stratigility\Next))
#20 C:\wamp64\www\flarum\vendor\flarum\core\src\Http\Middleware\StartSession.php(61): Laminas\Stratigility\Next->handle(Object(Laminas\Diactoros\ServerRequest))
#21 C:\wamp64\www\flarum\vendor\laminas\laminas-stratigility\src\Next.php(61): Flarum\Http\Middleware\StartSession->process(Object(Laminas\Diactoros\ServerRequest), Object(Laminas\Stratigility\Next))
#22 C:\wamp64\www\flarum\vendor\flarum\core\src\Api\Middleware\FakeHttpMethods.php(29): Laminas\Stratigility\Next->handle(Object(Laminas\Diactoros\ServerRequest))
#23 C:\wamp64\www\flarum\vendor\laminas\laminas-stratigility\src\Next.php(61): Flarum\Api\Middleware\FakeHttpMethods->process(Object(Laminas\Diactoros\ServerRequest), Object(Laminas\Stratigility\Next))
#24 C:\wamp64\www\flarum\vendor\flarum\core\src\Http\Middleware\ParseJsonBody.php(28): Laminas\Stratigility\Next->handle(Object(Laminas\Diactoros\ServerRequest))
#25 C:\wamp64\www\flarum\vendor\laminas\laminas-stratigility\src\Next.php(61): Flarum\Http\Middleware\ParseJsonBody->process(Object(Laminas\Diactoros\ServerRequest), Object(Laminas\Stratigility\Next))
#26 C:\wamp64\www\flarum\vendor\flarum\core\src\Http\Middleware\HandleErrors.php(57): Laminas\Stratigility\Next->handle(Object(Laminas\Diactoros\ServerRequest))
#27 C:\wamp64\www\flarum\vendor\laminas\laminas-stratigility\src\Next.php(61): Flarum\Http\Middleware\HandleErrors->process(Object(Laminas\Diactoros\ServerRequest), Object(Laminas\Stratigility\Next))
#28 C:\wamp64\www\flarum\vendor\laminas\laminas-stratigility\src\MiddlewarePipe.php(84): Laminas\Stratigility\Next->handle(Object(Laminas\Diactoros\ServerRequest))
#29 C:\wamp64\www\flarum\vendor\middlewares\request-handler\src\RequestHandler.php(84): Laminas\Stratigility\MiddlewarePipe->process(Object(Laminas\Diactoros\ServerRequest), Object(Laminas\Stratigility\Next))
#30 C:\wamp64\www\flarum\vendor\laminas\laminas-stratigility\src\Next.php(61): Middlewares\RequestHandler->process(Object(Laminas\Diactoros\ServerRequest), Object(Laminas\Stratigility\Next))
#31 C:\wamp64\www\flarum\vendor\middlewares\base-path-router\src\BasePathRouter.php(97): Laminas\Stratigility\Next->handle(Object(Laminas\Diactoros\ServerRequest))
#32 C:\wamp64\www\flarum\vendor\laminas\laminas-stratigility\src\Next.php(61): Middlewares\BasePathRouter->process(Object(Laminas\Diactoros\ServerRequest), Object(Laminas\Stratigility\Next))
#33 C:\wamp64\www\flarum\vendor\laminas\laminas-stratigility\src\Middleware\OriginalMessages.php(42): Laminas\Stratigility\Next->handle(Object(Laminas\Diactoros\ServerRequest))
#34 C:\wamp64\www\flarum\vendor\laminas\laminas-stratigility\src\Next.php(61): Laminas\Stratigility\Middleware\OriginalMessages->process(Object(Laminas\Diactoros\ServerRequest), Object(Laminas\Stratigility\Next))
#35 C:\wamp64\www\flarum\vendor\middlewares\base-path\src\BasePath.php(53): Laminas\Stratigility\Next->handle(Object(Laminas\Diactoros\ServerRequest))
#36 C:\wamp64\www\flarum\vendor\laminas\laminas-stratigility\src\Next.php(61): Middlewares\BasePath->process(Object(Laminas\Diactoros\ServerRequest), Object(Laminas\Stratigility\Next))
#37 C:\wamp64\www\flarum\vendor\laminas\laminas-stratigility\src\MiddlewarePipe.php(84): Laminas\Stratigility\Next->handle(Object(Laminas\Diactoros\ServerRequest))
#38 C:\wamp64\www\flarum\vendor\laminas\laminas-stratigility\src\MiddlewarePipe.php(73): Laminas\Stratigility\MiddlewarePipe->process(Object(Laminas\Diactoros\ServerRequest), Object(Laminas\Stratigility\EmptyPipelineHandler))
#39 C:\wamp64\www\flarum\vendor\laminas\laminas-httphandlerrunner\src\RequestHandlerRunner.php(96): Laminas\Stratigility\MiddlewarePipe->handle(Object(Laminas\Diactoros\ServerRequest))
#40 C:\wamp64\www\flarum\vendor\flarum\core\src\Http\Server.php(42): Laminas\HttpHandlerRunner\RequestHandlerRunner->run()
#41 C:\wamp64\www\flarum\public\index.php(26): Flarum\Http\Server->listen()
#42 {main}  
[2021-05-12 12:21:01] flarum.ERROR: Swift_TransportException: Failed to authenticate on SMTP server with username "popoli2424@gmail.com" using 3 possible authenticators. Authenticator LOGIN returned Expected response code 235 but got code "535", with message "535-5.7.8 Username and Password not accepted. Learn more at
535 5.7.8  https://support.google.com/mail/?p=BadCredentials j10sm7276733qtn.89 - gsmtp
". Authenticator PLAIN returned Expected response code 235 but got code "535", with message "535-5.7.8 Username and Password not accepted. Learn more at
535 5.7.8  https://support.google.com/mail/?p=BadCredentials j10sm7276733qtn.89 - gsmtp
". Authenticator XOAUTH2 returned Expected response code 250 but got code "535", with message "535-5.7.8 Username and Password not accepted. Learn more at
535 5.7.8  https://support.google.com/mail/?p=BadCredentials j10sm7276733qtn.89 - gsmtp
". in C:\wamp64\www\flarum\vendor\swiftmailer\swiftmailer\lib\classes\Swift\Transport\Esmtp\AuthHandler.php:191
Stack trace:
#0 C:\wamp64\www\flarum\vendor\swiftmailer\swiftmailer\lib\classes\Swift\Transport\EsmtpTransport.php(371): Swift_Transport_Esmtp_AuthHandler->afterEhlo(Object(Swift_SmtpTransport))
#1 C:\wamp64\www\flarum\vendor\swiftmailer\swiftmailer\lib\classes\Swift\Transport\AbstractSmtpTransport.php(148): Swift_Transport_EsmtpTransport->doHeloCommand()
#2 C:\wamp64\www\flarum\vendor\swiftmailer\swiftmailer\lib\classes\Swift\Mailer.php(65): Swift_Transport_AbstractSmtpTransport->start()
#3 C:\wamp64\www\flarum\vendor\illuminate\mail\Mailer.php(488): Swift_Mailer->send(Object(Swift_Message), Array)
#4 C:\wamp64\www\flarum\vendor\illuminate\mail\Mailer.php(261): Illuminate\Mail\Mailer->sendSwiftMessage(Object(Swift_Message))
#5 C:\wamp64\www\flarum\vendor\illuminate\mail\Mailer.php(185): Illuminate\Mail\Mailer->send(NULL, Array, Object(Closure))
#6 C:\wamp64\www\flarum\vendor\flarum\core\src\Api\Controller\SendTestMailController.php(46): Illuminate\Mail\Mailer->raw('Hey administrad...', Object(Closure))
#7 C:\wamp64\www\flarum\vendor\flarum\core\src\Http\RouteHandlerFactory.php(38): Flarum\Api\Controller\SendTestMailController->handle(Object(Laminas\Diactoros\ServerRequest))
#8 C:\wamp64\www\flarum\vendor\flarum\core\src\Http\Middleware\DispatchRoute.php(65): Flarum\Http\RouteHandlerFactory->Flarum\Http\{closure}(Object(Laminas\Diactoros\ServerRequest), Array)
#9 C:\wamp64\www\flarum\vendor\laminas\laminas-stratigility\src\Next.php(61): Flarum\Http\Middleware\DispatchRoute->process(Object(Laminas\Diactoros\ServerRequest), Object(Closure))
#10 C:\wamp64\www\flarum\vendor\flarum\core\src\Http\Middleware\SetLocale.php(50): Laminas\Stratigility\Next->handle(Object(Laminas\Diactoros\ServerRequest))
#11 C:\wamp64\www\flarum\vendor\laminas\laminas-stratigility\src\Next.php(61): Flarum\Http\Middleware\SetLocale->process(Object(Laminas\Diactoros\ServerRequest), Object(Laminas\Stratigility\Next))
#12 C:\wamp64\www\flarum\vendor\flarum\core\src\Http\Middleware\CheckCsrfToken.php(45): Laminas\Stratigility\Next->handle(Object(Laminas\Diactoros\ServerRequest))
#13 C:\wamp64\www\flarum\vendor\laminas\laminas-stratigility\src\Next.php(61): Flarum\Http\Middleware\CheckCsrfToken->process(Object(Laminas\Diactoros\ServerRequest), Object(Laminas\Stratigility\Next))
#14 C:\wamp64\www\flarum\vendor\flarum\core\src\Http\Middleware\AuthenticateWithHeader.php(55): Laminas\Stratigility\Next->handle(Object(Laminas\Diactoros\ServerRequest))
#15 C:\wamp64\www\flarum\vendor\laminas\laminas-stratigility\src\Next.php(61): Flarum\Http\Middleware\AuthenticateWithHeader->process(Object(Laminas\Diactoros\ServerRequest), Object(Laminas\Stratigility\Next))
#16 C:\wamp64\www\flarum\vendor\flarum\core\src\Http\Middleware\AuthenticateWithSession.php(32): Laminas\Stratigility\Next->handle(Object(Laminas\Diactoros\ServerRequest))
#17 C:\wamp64\www\flarum\vendor\laminas\laminas-stratigility\src\Next.php(61): Flarum\Http\Middleware\AuthenticateWithSession->process(Object(Laminas\Diactoros\ServerRequest), Object(Laminas\Stratigility\Next))
#18 C:\wamp64\www\flarum\vendor\flarum\core\src\Http\Middleware\RememberFromCookie.php(51): Laminas\Stratigility\Next->handle(Object(Laminas\Diactoros\ServerRequest))
#19 C:\wamp64\www\flarum\vendor\laminas\laminas-stratigility\src\Next.php(61): Flarum\Http\Middleware\RememberFromCookie->process(Object(Laminas\Diactoros\ServerRequest), Object(Laminas\Stratigility\Next))
#20 C:\wamp64\www\flarum\vendor\flarum\core\src\Http\Middleware\StartSession.php(61): Laminas\Stratigility\Next->handle(Object(Laminas\Diactoros\ServerRequest))
#21 C:\wamp64\www\flarum\vendor\laminas\laminas-stratigility\src\Next.php(61): Flarum\Http\Middleware\StartSession->process(Object(Laminas\Diactoros\ServerRequest), Object(Laminas\Stratigility\Next))
#22 C:\wamp64\www\flarum\vendor\flarum\core\src\Api\Middleware\FakeHttpMethods.php(29): Laminas\Stratigility\Next->handle(Object(Laminas\Diactoros\ServerRequest))
#23 C:\wamp64\www\flarum\vendor\laminas\laminas-stratigility\src\Next.php(61): Flarum\Api\Middleware\FakeHttpMethods->process(Object(Laminas\Diactoros\ServerRequest), Object(Laminas\Stratigility\Next))
#24 C:\wamp64\www\flarum\vendor\flarum\core\src\Http\Middleware\ParseJsonBody.php(28): Laminas\Stratigility\Next->handle(Object(Laminas\Diactoros\ServerRequest))
#25 C:\wamp64\www\flarum\vendor\laminas\laminas-stratigility\src\Next.php(61): Flarum\Http\Middleware\ParseJsonBody->process(Object(Laminas\Diactoros\ServerRequest), Object(Laminas\Stratigility\Next))
#26 C:\wamp64\www\flarum\vendor\flarum\core\src\Http\Middleware\HandleErrors.php(57): Laminas\Stratigility\Next->handle(Object(Laminas\Diactoros\ServerRequest))
#27 C:\wamp64\www\flarum\vendor\laminas\laminas-stratigility\src\Next.php(61): Flarum\Http\Middleware\HandleErrors->process(Object(Laminas\Diactoros\ServerRequest), Object(Laminas\Stratigility\Next))
#28 C:\wamp64\www\flarum\vendor\laminas\laminas-stratigility\src\MiddlewarePipe.php(84): Laminas\Stratigility\Next->handle(Object(Laminas\Diactoros\ServerRequest))
#29 C:\wamp64\www\flarum\vendor\middlewares\request-handler\src\RequestHandler.php(84): Laminas\Stratigility\MiddlewarePipe->process(Object(Laminas\Diactoros\ServerRequest), Object(Laminas\Stratigility\Next))
#30 C:\wamp64\www\flarum\vendor\laminas\laminas-stratigility\src\Next.php(61): Middlewares\RequestHandler->process(Object(Laminas\Diactoros\ServerRequest), Object(Laminas\Stratigility\Next))
#31 C:\wamp64\www\flarum\vendor\middlewares\base-path-router\src\BasePathRouter.php(97): Laminas\Stratigility\Next->handle(Object(Laminas\Diactoros\ServerRequest))
#32 C:\wamp64\www\flarum\vendor\laminas\laminas-stratigility\src\Next.php(61): Middlewares\BasePathRouter->process(Object(Laminas\Diactoros\ServerRequest), Object(Laminas\Stratigility\Next))
#33 C:\wamp64\www\flarum\vendor\laminas\laminas-stratigility\src\Middleware\OriginalMessages.php(42): Laminas\Stratigility\Next->handle(Object(Laminas\Diactoros\ServerRequest))
#34 C:\wamp64\www\flarum\vendor\laminas\laminas-stratigility\src\Next.php(61): Laminas\Stratigility\Middleware\OriginalMessages->process(Object(Laminas\Diactoros\ServerRequest), Object(Laminas\Stratigility\Next))
#35 C:\wamp64\www\flarum\vendor\middlewares\base-path\src\BasePath.php(53): Laminas\Stratigility\Next->handle(Object(Laminas\Diactoros\ServerRequest))
#36 C:\wamp64\www\flarum\vendor\laminas\laminas-stratigility\src\Next.php(61): Middlewares\BasePath->process(Object(Laminas\Diactoros\ServerRequest), Object(Laminas\Stratigility\Next))
#37 C:\wamp64\www\flarum\vendor\laminas\laminas-stratigility\src\MiddlewarePipe.php(84): Laminas\Stratigility\Next->handle(Object(Laminas\Diactoros\ServerRequest))
#38 C:\wamp64\www\flarum\vendor\laminas\laminas-stratigility\src\MiddlewarePipe.php(73): Laminas\Stratigility\MiddlewarePipe->process(Object(Laminas\Diactoros\ServerRequest), Object(Laminas\Stratigility\EmptyPipelineHandler))
#39 C:\wamp64\www\flarum\vendor\laminas\laminas-httphandlerrunner\src\RequestHandlerRunner.php(96): Laminas\Stratigility\MiddlewarePipe->handle(Object(Laminas\Diactoros\ServerRequest))
#40 C:\wamp64\www\flarum\vendor\flarum\core\src\Http\Server.php(42): Laminas\HttpHandlerRunner\RequestHandlerRunner->run()
#41 C:\wamp64\www\flarum\public\index.php(26): Flarum\Http\Server->listen()
#42 {main}  
[2021-05-12 12:31:16] flarum.ERROR: Swift_TransportException: Failed to authenticate on SMTP server with username "popoli2424@gmail.com" using 3 possible authenticators. Authenticator LOGIN returned Expected response code 235 but got code "535", with message "535-5.7.8 Username and Password not accepted. Learn more at
535 5.7.8  https://support.google.com/mail/?p=BadCredentials z9sm6217575qtf.10 - gsmtp
". Authenticator PLAIN returned Expected response code 235 but got code "535", with message "535-5.7.8 Username and Password not accepted. Learn more at
535 5.7.8  https://support.google.com/mail/?p=BadCredentials z9sm6217575qtf.10 - gsmtp
". Authenticator XOAUTH2 returned Expected response code 250 but got code "535", with message "535-5.7.8 Username and Password not accepted. Learn more at
535 5.7.8  https://support.google.com/mail/?p=BadCredentials z9sm6217575qtf.10 - gsmtp
". in C:\wamp64\www\flarum\vendor\swiftmailer\swiftmailer\lib\classes\Swift\Transport\Esmtp\AuthHandler.php:191
Stack trace:
#0 C:\wamp64\www\flarum\vendor\swiftmailer\swiftmailer\lib\classes\Swift\Transport\EsmtpTransport.php(371): Swift_Transport_Esmtp_AuthHandler->afterEhlo(Object(Swift_SmtpTransport))
#1 C:\wamp64\www\flarum\vendor\swiftmailer\swiftmailer\lib\classes\Swift\Transport\AbstractSmtpTransport.php(148): Swift_Transport_EsmtpTransport->doHeloCommand()
#2 C:\wamp64\www\flarum\vendor\swiftmailer\swiftmailer\lib\classes\Swift\Mailer.php(65): Swift_Transport_AbstractSmtpTransport->start()
#3 C:\wamp64\www\flarum\vendor\illuminate\mail\Mailer.php(488): Swift_Mailer->send(Object(Swift_Message), Array)
#4 C:\wamp64\www\flarum\vendor\illuminate\mail\Mailer.php(261): Illuminate\Mail\Mailer->sendSwiftMessage(Object(Swift_Message))
#5 C:\wamp64\www\flarum\vendor\illuminate\mail\Mailer.php(185): Illuminate\Mail\Mailer->send(NULL, Array, Object(Closure))
#6 C:\wamp64\www\flarum\vendor\flarum\core\src\Api\Controller\SendTestMailController.php(46): Illuminate\Mail\Mailer->raw('Hey administrad...', Object(Closure))
#7 C:\wamp64\www\flarum\vendor\flarum\core\src\Http\RouteHandlerFactory.php(38): Flarum\Api\Controller\SendTestMailController->handle(Object(Laminas\Diactoros\ServerRequest))
#8 C:\wamp64\www\flarum\vendor\flarum\core\src\Http\Middleware\DispatchRoute.php(65): Flarum\Http\RouteHandlerFactory->Flarum\Http\{closure}(Object(Laminas\Diactoros\ServerRequest), Array)
#9 C:\wamp64\www\flarum\vendor\laminas\laminas-stratigility\src\Next.php(61): Flarum\Http\Middleware\DispatchRoute->process(Object(Laminas\Diactoros\ServerRequest), Object(Closure))
#10 C:\wamp64\www\flarum\vendor\flarum\core\src\Http\Middleware\SetLocale.php(50): Laminas\Stratigility\Next->handle(Object(Laminas\Diactoros\ServerRequest))
#11 C:\wamp64\www\flarum\vendor\laminas\laminas-stratigility\src\Next.php(61): Flarum\Http\Middleware\SetLocale->process(Object(Laminas\Diactoros\ServerRequest), Object(Laminas\Stratigility\Next))
#12 C:\wamp64\www\flarum\vendor\flarum\core\src\Http\Middleware\CheckCsrfToken.php(45): Laminas\Stratigility\Next->handle(Object(Laminas\Diactoros\ServerRequest))
#13 C:\wamp64\www\flarum\vendor\laminas\laminas-stratigility\src\Next.php(61): Flarum\Http\Middleware\CheckCsrfToken->process(Object(Laminas\Diactoros\ServerRequest), Object(Laminas\Stratigility\Next))
#14 C:\wamp64\www\flarum\vendor\flarum\core\src\Http\Middleware\AuthenticateWithHeader.php(55): Laminas\Stratigility\Next->handle(Object(Laminas\Diactoros\ServerRequest))
#15 C:\wamp64\www\flarum\vendor\laminas\laminas-stratigility\src\Next.php(61): Flarum\Http\Middleware\AuthenticateWithHeader->process(Object(Laminas\Diactoros\ServerRequest), Object(Laminas\Stratigility\Next))
#16 C:\wamp64\www\flarum\vendor\flarum\core\src\Http\Middleware\AuthenticateWithSession.php(32): Laminas\Stratigility\Next->handle(Object(Laminas\Diactoros\ServerRequest))
#17 C:\wamp64\www\flarum\vendor\laminas\laminas-stratigility\src\Next.php(61): Flarum\Http\Middleware\AuthenticateWithSession->process(Object(Laminas\Diactoros\ServerRequest), Object(Laminas\Stratigility\Next))
#18 C:\wamp64\www\flarum\vendor\flarum\core\src\Http\Middleware\RememberFromCookie.php(51): Laminas\Stratigility\Next->handle(Object(Laminas\Diactoros\ServerRequest))
#19 C:\wamp64\www\flarum\vendor\laminas\laminas-stratigility\src\Next.php(61): Flarum\Http\Middleware\RememberFromCookie->process(Object(Laminas\Diactoros\ServerRequest), Object(Laminas\Stratigility\Next))
#20 C:\wamp64\www\flarum\vendor\flarum\core\src\Http\Middleware\StartSession.php(61): Laminas\Stratigility\Next->handle(Object(Laminas\Diactoros\ServerRequest))
#21 C:\wamp64\www\flarum\vendor\laminas\laminas-stratigility\src\Next.php(61): Flarum\Http\Middleware\StartSession->process(Object(Laminas\Diactoros\ServerRequest), Object(Laminas\Stratigility\Next))
#22 C:\wamp64\www\flarum\vendor\flarum\core\src\Api\Middleware\FakeHttpMethods.php(29): Laminas\Stratigility\Next->handle(Object(Laminas\Diactoros\ServerRequest))
#23 C:\wamp64\www\flarum\vendor\laminas\laminas-stratigility\src\Next.php(61): Flarum\Api\Middleware\FakeHttpMethods->process(Object(Laminas\Diactoros\ServerRequest), Object(Laminas\Stratigility\Next))
#24 C:\wamp64\www\flarum\vendor\flarum\core\src\Http\Middleware\ParseJsonBody.php(28): Laminas\Stratigility\Next->handle(Object(Laminas\Diactoros\ServerRequest))
#25 C:\wamp64\www\flarum\vendor\laminas\laminas-stratigility\src\Next.php(61): Flarum\Http\Middleware\ParseJsonBody->process(Object(Laminas\Diactoros\ServerRequest), Object(Laminas\Stratigility\Next))
#26 C:\wamp64\www\flarum\vendor\flarum\core\src\Http\Middleware\HandleErrors.php(57): Laminas\Stratigility\Next->handle(Object(Laminas\Diactoros\ServerRequest))
#27 C:\wamp64\www\flarum\vendor\laminas\laminas-stratigility\src\Next.php(61): Flarum\Http\Middleware\HandleErrors->process(Object(Laminas\Diactoros\ServerRequest), Object(Laminas\Stratigility\Next))
#28 C:\wamp64\www\flarum\vendor\laminas\laminas-stratigility\src\MiddlewarePipe.php(84): Laminas\Stratigility\Next->handle(Object(Laminas\Diactoros\ServerRequest))
#29 C:\wamp64\www\flarum\vendor\middlewares\request-handler\src\RequestHandler.php(84): Laminas\Stratigility\MiddlewarePipe->process(Object(Laminas\Diactoros\ServerRequest), Object(Laminas\Stratigility\Next))
#30 C:\wamp64\www\flarum\vendor\laminas\laminas-stratigility\src\Next.php(61): Middlewares\RequestHandler->process(Object(Laminas\Diactoros\ServerRequest), Object(Laminas\Stratigility\Next))
#31 C:\wamp64\www\flarum\vendor\middlewares\base-path-router\src\BasePathRouter.php(97): Laminas\Stratigility\Next->handle(Object(Laminas\Diactoros\ServerRequest))
#32 C:\wamp64\www\flarum\vendor\laminas\laminas-stratigility\src\Next.php(61): Middlewares\BasePathRouter->process(Object(Laminas\Diactoros\ServerRequest), Object(Laminas\Stratigility\Next))
#33 C:\wamp64\www\flarum\vendor\laminas\laminas-stratigility\src\Middleware\OriginalMessages.php(42): Laminas\Stratigility\Next->handle(Object(Laminas\Diactoros\ServerRequest))
#34 C:\wamp64\www\flarum\vendor\laminas\laminas-stratigility\src\Next.php(61): Laminas\Stratigility\Middleware\OriginalMessages->process(Object(Laminas\Diactoros\ServerRequest), Object(Laminas\Stratigility\Next))
#35 C:\wamp64\www\flarum\vendor\middlewares\base-path\src\BasePath.php(53): Laminas\Stratigility\Next->handle(Object(Laminas\Diactoros\ServerRequest))
#36 C:\wamp64\www\flarum\vendor\laminas\laminas-stratigility\src\Next.php(61): Middlewares\BasePath->process(Object(Laminas\Diactoros\ServerRequest), Object(Laminas\Stratigility\Next))
#37 C:\wamp64\www\flarum\vendor\laminas\laminas-stratigility\src\MiddlewarePipe.php(84): Laminas\Stratigility\Next->handle(Object(Laminas\Diactoros\ServerRequest))
#38 C:\wamp64\www\flarum\vendor\laminas\laminas-stratigility\src\MiddlewarePipe.php(73): Laminas\Stratigility\MiddlewarePipe->process(Object(Laminas\Diactoros\ServerRequest), Object(Laminas\Stratigility\EmptyPipelineHandler))
#39 C:\wamp64\www\flarum\vendor\laminas\laminas-httphandlerrunner\src\RequestHandlerRunner.php(96): Laminas\Stratigility\MiddlewarePipe->handle(Object(Laminas\Diactoros\ServerRequest))
#40 C:\wamp64\www\flarum\vendor\flarum\core\src\Http\Server.php(42): Laminas\HttpHandlerRunner\RequestHandlerRunner->run()
#41 C:\wamp64\www\flarum\public\index.php(26): Flarum\Http\Server->listen()
#42 {main}  
[2021-05-12 12:31:55] flarum.ERROR: Swift_TransportException: Failed to authenticate on SMTP server with username "popoli2424@gmail.com" using 3 possible authenticators. Authenticator LOGIN returned Expected response code 235 but got code "535", with message "535-5.7.8 Username and Password not accepted. Learn more at
535 5.7.8  https://support.google.com/mail/?p=BadCredentials z4sm16311612qtq.34 - gsmtp
". Authenticator PLAIN returned Expected response code 235 but got code "535", with message "535-5.7.8 Username and Password not accepted. Learn more at
535 5.7.8  https://support.google.com/mail/?p=BadCredentials z4sm16311612qtq.34 - gsmtp
". Authenticator XOAUTH2 returned Expected response code 250 but got code "535", with message "535-5.7.8 Username and Password not accepted. Learn more at
535 5.7.8  https://support.google.com/mail/?p=BadCredentials z4sm16311612qtq.34 - gsmtp
". in C:\wamp64\www\flarum\vendor\swiftmailer\swiftmailer\lib\classes\Swift\Transport\Esmtp\AuthHandler.php:191
Stack trace:
#0 C:\wamp64\www\flarum\vendor\swiftmailer\swiftmailer\lib\classes\Swift\Transport\EsmtpTransport.php(371): Swift_Transport_Esmtp_AuthHandler->afterEhlo(Object(Swift_SmtpTransport))
#1 C:\wamp64\www\flarum\vendor\swiftmailer\swiftmailer\lib\classes\Swift\Transport\AbstractSmtpTransport.php(148): Swift_Transport_EsmtpTransport->doHeloCommand()
#2 C:\wamp64\www\flarum\vendor\swiftmailer\swiftmailer\lib\classes\Swift\Mailer.php(65): Swift_Transport_AbstractSmtpTransport->start()
#3 C:\wamp64\www\flarum\vendor\illuminate\mail\Mailer.php(488): Swift_Mailer->send(Object(Swift_Message), Array)
#4 C:\wamp64\www\flarum\vendor\illuminate\mail\Mailer.php(261): Illuminate\Mail\Mailer->sendSwiftMessage(Object(Swift_Message))
#5 C:\wamp64\www\flarum\vendor\illuminate\mail\Mailer.php(185): Illuminate\Mail\Mailer->send(NULL, Array, Object(Closure))
#6 C:\wamp64\www\flarum\vendor\flarum\core\src\Api\Controller\SendTestMailController.php(46): Illuminate\Mail\Mailer->raw('Hey administrad...', Object(Closure))
#7 C:\wamp64\www\flarum\vendor\flarum\core\src\Http\RouteHandlerFactory.php(38): Flarum\Api\Controller\SendTestMailController->handle(Object(Laminas\Diactoros\ServerRequest))
#8 C:\wamp64\www\flarum\vendor\flarum\core\src\Http\Middleware\DispatchRoute.php(65): Flarum\Http\RouteHandlerFactory->Flarum\Http\{closure}(Object(Laminas\Diactoros\ServerRequest), Array)
#9 C:\wamp64\www\flarum\vendor\laminas\laminas-stratigility\src\Next.php(61): Flarum\Http\Middleware\DispatchRoute->process(Object(Laminas\Diactoros\ServerRequest), Object(Closure))
#10 C:\wamp64\www\flarum\vendor\flarum\core\src\Http\Middleware\SetLocale.php(50): Laminas\Stratigility\Next->handle(Object(Laminas\Diactoros\ServerRequest))
#11 C:\wamp64\www\flarum\vendor\laminas\laminas-stratigility\src\Next.php(61): Flarum\Http\Middleware\SetLocale->process(Object(Laminas\Diactoros\ServerRequest), Object(Laminas\Stratigility\Next))
#12 C:\wamp64\www\flarum\vendor\flarum\core\src\Http\Middleware\CheckCsrfToken.php(45): Laminas\Stratigility\Next->handle(Object(Laminas\Diactoros\ServerRequest))
#13 C:\wamp64\www\flarum\vendor\laminas\laminas-stratigility\src\Next.php(61): Flarum\Http\Middleware\CheckCsrfToken->process(Object(Laminas\Diactoros\ServerRequest), Object(Laminas\Stratigility\Next))
#14 C:\wamp64\www\flarum\vendor\flarum\core\src\Http\Middleware\AuthenticateWithHeader.php(55): Laminas\Stratigility\Next->handle(Object(Laminas\Diactoros\ServerRequest))
#15 C:\wamp64\www\flarum\vendor\laminas\laminas-stratigility\src\Next.php(61): Flarum\Http\Middleware\AuthenticateWithHeader->process(Object(Laminas\Diactoros\ServerRequest), Object(Laminas\Stratigility\Next))
#16 C:\wamp64\www\flarum\vendor\flarum\core\src\Http\Middleware\AuthenticateWithSession.php(32): Laminas\Stratigility\Next->handle(Object(Laminas\Diactoros\ServerRequest))
#17 C:\wamp64\www\flarum\vendor\laminas\laminas-stratigility\src\Next.php(61): Flarum\Http\Middleware\AuthenticateWithSession->process(Object(Laminas\Diactoros\ServerRequest), Object(Laminas\Stratigility\Next))
#18 C:\wamp64\www\flarum\vendor\flarum\core\src\Http\Middleware\RememberFromCookie.php(51): Laminas\Stratigility\Next->handle(Object(Laminas\Diactoros\ServerRequest))
#19 C:\wamp64\www\flarum\vendor\laminas\laminas-stratigility\src\Next.php(61): Flarum\Http\Middleware\RememberFromCookie->process(Object(Laminas\Diactoros\ServerRequest), Object(Laminas\Stratigility\Next))
#20 C:\wamp64\www\flarum\vendor\flarum\core\src\Http\Middleware\StartSession.php(61): Laminas\Stratigility\Next->handle(Object(Laminas\Diactoros\ServerRequest))
#21 C:\wamp64\www\flarum\vendor\laminas\laminas-stratigility\src\Next.php(61): Flarum\Http\Middleware\StartSession->process(Object(Laminas\Diactoros\ServerRequest), Object(Laminas\Stratigility\Next))
#22 C:\wamp64\www\flarum\vendor\flarum\core\src\Api\Middleware\FakeHttpMethods.php(29): Laminas\Stratigility\Next->handle(Object(Laminas\Diactoros\ServerRequest))
#23 C:\wamp64\www\flarum\vendor\laminas\laminas-stratigility\src\Next.php(61): Flarum\Api\Middleware\FakeHttpMethods->process(Object(Laminas\Diactoros\ServerRequest), Object(Laminas\Stratigility\Next))
#24 C:\wamp64\www\flarum\vendor\flarum\core\src\Http\Middleware\ParseJsonBody.php(28): Laminas\Stratigility\Next->handle(Object(Laminas\Diactoros\ServerRequest))
#25 C:\wamp64\www\flarum\vendor\laminas\laminas-stratigility\src\Next.php(61): Flarum\Http\Middleware\ParseJsonBody->process(Object(Laminas\Diactoros\ServerRequest), Object(Laminas\Stratigility\Next))
#26 C:\wamp64\www\flarum\vendor\flarum\core\src\Http\Middleware\HandleErrors.php(57): Laminas\Stratigility\Next->handle(Object(Laminas\Diactoros\ServerRequest))
#27 C:\wamp64\www\flarum\vendor\laminas\laminas-stratigility\src\Next.php(61): Flarum\Http\Middleware\HandleErrors->process(Object(Laminas\Diactoros\ServerRequest), Object(Laminas\Stratigility\Next))
#28 C:\wamp64\www\flarum\vendor\laminas\laminas-stratigility\src\MiddlewarePipe.php(84): Laminas\Stratigility\Next->handle(Object(Laminas\Diactoros\ServerRequest))
#29 C:\wamp64\www\flarum\vendor\middlewares\request-handler\src\RequestHandler.php(84): Laminas\Stratigility\MiddlewarePipe->process(Object(Laminas\Diactoros\ServerRequest), Object(Laminas\Stratigility\Next))
#30 C:\wamp64\www\flarum\vendor\laminas\laminas-stratigility\src\Next.php(61): Middlewares\RequestHandler->process(Object(Laminas\Diactoros\ServerRequest), Object(Laminas\Stratigility\Next))
#31 C:\wamp64\www\flarum\vendor\middlewares\base-path-router\src\BasePathRouter.php(97): Laminas\Stratigility\Next->handle(Object(Laminas\Diactoros\ServerRequest))
#32 C:\wamp64\www\flarum\vendor\laminas\laminas-stratigility\src\Next.php(61): Middlewares\BasePathRouter->process(Object(Laminas\Diactoros\ServerRequest), Object(Laminas\Stratigility\Next))
#33 C:\wamp64\www\flarum\vendor\laminas\laminas-stratigility\src\Middleware\OriginalMessages.php(42): Laminas\Stratigility\Next->handle(Object(Laminas\Diactoros\ServerRequest))
#34 C:\wamp64\www\flarum\vendor\laminas\laminas-stratigility\src\Next.php(61): Laminas\Stratigility\Middleware\OriginalMessages->process(Object(Laminas\Diactoros\ServerRequest), Object(Laminas\Stratigility\Next))
#35 C:\wamp64\www\flarum\vendor\middlewares\base-path\src\BasePath.php(53): Laminas\Stratigility\Next->handle(Object(Laminas\Diactoros\ServerRequest))
#36 C:\wamp64\www\flarum\vendor\laminas\laminas-stratigility\src\Next.php(61): Middlewares\BasePath->process(Object(Laminas\Diactoros\ServerRequest), Object(Laminas\Stratigility\Next))
#37 C:\wamp64\www\flarum\vendor\laminas\laminas-stratigility\src\MiddlewarePipe.php(84): Laminas\Stratigility\Next->handle(Object(Laminas\Diactoros\ServerRequest))
#38 C:\wamp64\www\flarum\vendor\laminas\laminas-stratigility\src\MiddlewarePipe.php(73): Laminas\Stratigility\MiddlewarePipe->process(Object(Laminas\Diactoros\ServerRequest), Object(Laminas\Stratigility\EmptyPipelineHandler))
#39 C:\wamp64\www\flarum\vendor\laminas\laminas-httphandlerrunner\src\RequestHandlerRunner.php(96): Laminas\Stratigility\MiddlewarePipe->handle(Object(Laminas\Diactoros\ServerRequest))
#40 C:\wamp64\www\flarum\vendor\flarum\core\src\Http\Server.php(42): Laminas\HttpHandlerRunner\RequestHandlerRunner->run()
#41 C:\wamp64\www\flarum\public\index.php(26): Flarum\Http\Server->listen()
#42 {main}  
[2021-05-12 12:32:22] flarum.ERROR: Swift_TransportException: Failed to authenticate on SMTP server with username "popoli2424@gmail.com" using 3 possible authenticators. Authenticator LOGIN returned Expected response code 235 but got code "535", with message "535-5.7.8 Username and Password not accepted. Learn more at
535 5.7.8  https://support.google.com/mail/?p=BadCredentials m67sm11421042qkd.108 - gsmtp
". Authenticator PLAIN returned Expected response code 235 but got code "535", with message "535-5.7.8 Username and Password not accepted. Learn more at
535 5.7.8  https://support.google.com/mail/?p=BadCredentials m67sm11421042qkd.108 - gsmtp
". Authenticator XOAUTH2 returned Expected response code 250 but got code "535", with message "535-5.7.8 Username and Password not accepted. Learn more at
535 5.7.8  https://support.google.com/mail/?p=BadCredentials m67sm11421042qkd.108 - gsmtp
". in C:\wamp64\www\flarum\vendor\swiftmailer\swiftmailer\lib\classes\Swift\Transport\Esmtp\AuthHandler.php:191
Stack trace:
#0 C:\wamp64\www\flarum\vendor\swiftmailer\swiftmailer\lib\classes\Swift\Transport\EsmtpTransport.php(371): Swift_Transport_Esmtp_AuthHandler->afterEhlo(Object(Swift_SmtpTransport))
#1 C:\wamp64\www\flarum\vendor\swiftmailer\swiftmailer\lib\classes\Swift\Transport\AbstractSmtpTransport.php(148): Swift_Transport_EsmtpTransport->doHeloCommand()
#2 C:\wamp64\www\flarum\vendor\swiftmailer\swiftmailer\lib\classes\Swift\Mailer.php(65): Swift_Transport_AbstractSmtpTransport->start()
#3 C:\wamp64\www\flarum\vendor\illuminate\mail\Mailer.php(488): Swift_Mailer->send(Object(Swift_Message), Array)
#4 C:\wamp64\www\flarum\vendor\illuminate\mail\Mailer.php(261): Illuminate\Mail\Mailer->sendSwiftMessage(Object(Swift_Message))
#5 C:\wamp64\www\flarum\vendor\illuminate\mail\Mailer.php(185): Illuminate\Mail\Mailer->send(NULL, Array, Object(Closure))
#6 C:\wamp64\www\flarum\vendor\flarum\core\src\Api\Controller\SendTestMailController.php(46): Illuminate\Mail\Mailer->raw('Hey administrad...', Object(Closure))
#7 C:\wamp64\www\flarum\vendor\flarum\core\src\Http\RouteHandlerFactory.php(38): Flarum\Api\Controller\SendTestMailController->handle(Object(Laminas\Diactoros\ServerRequest))
#8 C:\wamp64\www\flarum\vendor\flarum\core\src\Http\Middleware\DispatchRoute.php(65): Flarum\Http\RouteHandlerFactory->Flarum\Http\{closure}(Object(Laminas\Diactoros\ServerRequest), Array)
#9 C:\wamp64\www\flarum\vendor\laminas\laminas-stratigility\src\Next.php(61): Flarum\Http\Middleware\DispatchRoute->process(Object(Laminas\Diactoros\ServerRequest), Object(Closure))
#10 C:\wamp64\www\flarum\vendor\flarum\core\src\Http\Middleware\SetLocale.php(50): Laminas\Stratigility\Next->handle(Object(Laminas\Diactoros\ServerRequest))
#11 C:\wamp64\www\flarum\vendor\laminas\laminas-stratigility\src\Next.php(61): Flarum\Http\Middleware\SetLocale->process(Object(Laminas\Diactoros\ServerRequest), Object(Laminas\Stratigility\Next))
#12 C:\wamp64\www\flarum\vendor\flarum\core\src\Http\Middleware\CheckCsrfToken.php(45): Laminas\Stratigility\Next->handle(Object(Laminas\Diactoros\ServerRequest))
#13 C:\wamp64\www\flarum\vendor\laminas\laminas-stratigility\src\Next.php(61): Flarum\Http\Middleware\CheckCsrfToken->process(Object(Laminas\Diactoros\ServerRequest), Object(Laminas\Stratigility\Next))
#14 C:\wamp64\www\flarum\vendor\flarum\core\src\Http\Middleware\AuthenticateWithHeader.php(55): Laminas\Stratigility\Next->handle(Object(Laminas\Diactoros\ServerRequest))
#15 C:\wamp64\www\flarum\vendor\laminas\laminas-stratigility\src\Next.php(61): Flarum\Http\Middleware\AuthenticateWithHeader->process(Object(Laminas\Diactoros\ServerRequest), Object(Laminas\Stratigility\Next))
#16 C:\wamp64\www\flarum\vendor\flarum\core\src\Http\Middleware\AuthenticateWithSession.php(32): Laminas\Stratigility\Next->handle(Object(Laminas\Diactoros\ServerRequest))
#17 C:\wamp64\www\flarum\vendor\laminas\laminas-stratigility\src\Next.php(61): Flarum\Http\Middleware\AuthenticateWithSession->process(Object(Laminas\Diactoros\ServerRequest), Object(Laminas\Stratigility\Next))
#18 C:\wamp64\www\flarum\vendor\flarum\core\src\Http\Middleware\RememberFromCookie.php(51): Laminas\Stratigility\Next->handle(Object(Laminas\Diactoros\ServerRequest))
#19 C:\wamp64\www\flarum\vendor\laminas\laminas-stratigility\src\Next.php(61): Flarum\Http\Middleware\RememberFromCookie->process(Object(Laminas\Diactoros\ServerRequest), Object(Laminas\Stratigility\Next))
#20 C:\wamp64\www\flarum\vendor\flarum\core\src\Http\Middleware\StartSession.php(61): Laminas\Stratigility\Next->handle(Object(Laminas\Diactoros\ServerRequest))
#21 C:\wamp64\www\flarum\vendor\laminas\laminas-stratigility\src\Next.php(61): Flarum\Http\Middleware\StartSession->process(Object(Laminas\Diactoros\ServerRequest), Object(Laminas\Stratigility\Next))
#22 C:\wamp64\www\flarum\vendor\flarum\core\src\Api\Middleware\FakeHttpMethods.php(29): Laminas\Stratigility\Next->handle(Object(Laminas\Diactoros\ServerRequest))
#23 C:\wamp64\www\flarum\vendor\laminas\laminas-stratigility\src\Next.php(61): Flarum\Api\Middleware\FakeHttpMethods->process(Object(Laminas\Diactoros\ServerRequest), Object(Laminas\Stratigility\Next))
#24 C:\wamp64\www\flarum\vendor\flarum\core\src\Http\Middleware\ParseJsonBody.php(28): Laminas\Stratigility\Next->handle(Object(Laminas\Diactoros\ServerRequest))
#25 C:\wamp64\www\flarum\vendor\laminas\laminas-stratigility\src\Next.php(61): Flarum\Http\Middleware\ParseJsonBody->process(Object(Laminas\Diactoros\ServerRequest), Object(Laminas\Stratigility\Next))
#26 C:\wamp64\www\flarum\vendor\flarum\core\src\Http\Middleware\HandleErrors.php(57): Laminas\Stratigility\Next->handle(Object(Laminas\Diactoros\ServerRequest))
#27 C:\wamp64\www\flarum\vendor\laminas\laminas-stratigility\src\Next.php(61): Flarum\Http\Middleware\HandleErrors->process(Object(Laminas\Diactoros\ServerRequest), Object(Laminas\Stratigility\Next))
#28 C:\wamp64\www\flarum\vendor\laminas\laminas-stratigility\src\MiddlewarePipe.php(84): Laminas\Stratigility\Next->handle(Object(Laminas\Diactoros\ServerRequest))
#29 C:\wamp64\www\flarum\vendor\middlewares\request-handler\src\RequestHandler.php(84): Laminas\Stratigility\MiddlewarePipe->process(Object(Laminas\Diactoros\ServerRequest), Object(Laminas\Stratigility\Next))
#30 C:\wamp64\www\flarum\vendor\laminas\laminas-stratigility\src\Next.php(61): Middlewares\RequestHandler->process(Object(Laminas\Diactoros\ServerRequest), Object(Laminas\Stratigility\Next))
#31 C:\wamp64\www\flarum\vendor\middlewares\base-path-router\src\BasePathRouter.php(97): Laminas\Stratigility\Next->handle(Object(Laminas\Diactoros\ServerRequest))
#32 C:\wamp64\www\flarum\vendor\laminas\laminas-stratigility\src\Next.php(61): Middlewares\BasePathRouter->process(Object(Laminas\Diactoros\ServerRequest), Object(Laminas\Stratigility\Next))
#33 C:\wamp64\www\flarum\vendor\laminas\laminas-stratigility\src\Middleware\OriginalMessages.php(42): Laminas\Stratigility\Next->handle(Object(Laminas\Diactoros\ServerRequest))
#34 C:\wamp64\www\flarum\vendor\laminas\laminas-stratigility\src\Next.php(61): Laminas\Stratigility\Middleware\OriginalMessages->process(Object(Laminas\Diactoros\ServerRequest), Object(Laminas\Stratigility\Next))
#35 C:\wamp64\www\flarum\vendor\middlewares\base-path\src\BasePath.php(53): Laminas\Stratigility\Next->handle(Object(Laminas\Diactoros\ServerRequest))
#36 C:\wamp64\www\flarum\vendor\laminas\laminas-stratigility\src\Next.php(61): Middlewares\BasePath->process(Object(Laminas\Diactoros\ServerRequest), Object(Laminas\Stratigility\Next))
#37 C:\wamp64\www\flarum\vendor\laminas\laminas-stratigility\src\MiddlewarePipe.php(84): Laminas\Stratigility\Next->handle(Object(Laminas\Diactoros\ServerRequest))
#38 C:\wamp64\www\flarum\vendor\laminas\laminas-stratigility\src\MiddlewarePipe.php(73): Laminas\Stratigility\MiddlewarePipe->process(Object(Laminas\Diactoros\ServerRequest), Object(Laminas\Stratigility\EmptyPipelineHandler))
#39 C:\wamp64\www\flarum\vendor\laminas\laminas-httphandlerrunner\src\RequestHandlerRunner.php(96): Laminas\Stratigility\MiddlewarePipe->handle(Object(Laminas\Diactoros\ServerRequest))
#40 C:\wamp64\www\flarum\vendor\flarum\core\src\Http\Server.php(42): Laminas\HttpHandlerRunner\RequestHandlerRunner->run()
#41 C:\wamp64\www\flarum\public\index.php(26): Flarum\Http\Server->listen()
#42 {main}  
[2021-05-12 12:32:56] flarum.ERROR: Swift_TransportException: Failed to authenticate on SMTP server with username "popoli2424@gmail.com" using 3 possible authenticators. Authenticator LOGIN returned Expected response code 235 but got code "535", with message "535-5.7.8 Username and Password not accepted. Learn more at
535 5.7.8  https://support.google.com/mail/?p=BadCredentials p11sm16170192qkj.3 - gsmtp
". Authenticator PLAIN returned Expected response code 235 but got code "535", with message "535-5.7.8 Username and Password not accepted. Learn more at
535 5.7.8  https://support.google.com/mail/?p=BadCredentials p11sm16170192qkj.3 - gsmtp
". Authenticator XOAUTH2 returned Expected response code 250 but got code "535", with message "535-5.7.8 Username and Password not accepted. Learn more at
535 5.7.8  https://support.google.com/mail/?p=BadCredentials p11sm16170192qkj.3 - gsmtp
". in C:\wamp64\www\flarum\vendor\swiftmailer\swiftmailer\lib\classes\Swift\Transport\Esmtp\AuthHandler.php:191
Stack trace:
#0 C:\wamp64\www\flarum\vendor\swiftmailer\swiftmailer\lib\classes\Swift\Transport\EsmtpTransport.php(371): Swift_Transport_Esmtp_AuthHandler->afterEhlo(Object(Swift_SmtpTransport))
#1 C:\wamp64\www\flarum\vendor\swiftmailer\swiftmailer\lib\classes\Swift\Transport\AbstractSmtpTransport.php(148): Swift_Transport_EsmtpTransport->doHeloCommand()
#2 C:\wamp64\www\flarum\vendor\swiftmailer\swiftmailer\lib\classes\Swift\Mailer.php(65): Swift_Transport_AbstractSmtpTransport->start()
#3 C:\wamp64\www\flarum\vendor\illuminate\mail\Mailer.php(488): Swift_Mailer->send(Object(Swift_Message), Array)
#4 C:\wamp64\www\flarum\vendor\illuminate\mail\Mailer.php(261): Illuminate\Mail\Mailer->sendSwiftMessage(Object(Swift_Message))
#5 C:\wamp64\www\flarum\vendor\illuminate\mail\Mailer.php(185): Illuminate\Mail\Mailer->send(NULL, Array, Object(Closure))
#6 C:\wamp64\www\flarum\vendor\flarum\core\src\Api\Controller\SendTestMailController.php(46): Illuminate\Mail\Mailer->raw('Hey administrad...', Object(Closure))
#7 C:\wamp64\www\flarum\vendor\flarum\core\src\Http\RouteHandlerFactory.php(38): Flarum\Api\Controller\SendTestMailController->handle(Object(Laminas\Diactoros\ServerRequest))
#8 C:\wamp64\www\flarum\vendor\flarum\core\src\Http\Middleware\DispatchRoute.php(65): Flarum\Http\RouteHandlerFactory->Flarum\Http\{closure}(Object(Laminas\Diactoros\ServerRequest), Array)
#9 C:\wamp64\www\flarum\vendor\laminas\laminas-stratigility\src\Next.php(61): Flarum\Http\Middleware\DispatchRoute->process(Object(Laminas\Diactoros\ServerRequest), Object(Closure))
#10 C:\wamp64\www\flarum\vendor\flarum\core\src\Http\Middleware\SetLocale.php(50): Laminas\Stratigility\Next->handle(Object(Laminas\Diactoros\ServerRequest))
#11 C:\wamp64\www\flarum\vendor\laminas\laminas-stratigility\src\Next.php(61): Flarum\Http\Middleware\SetLocale->process(Object(Laminas\Diactoros\ServerRequest), Object(Laminas\Stratigility\Next))
#12 C:\wamp64\www\flarum\vendor\flarum\core\src\Http\Middleware\CheckCsrfToken.php(45): Laminas\Stratigility\Next->handle(Object(Laminas\Diactoros\ServerRequest))
#13 C:\wamp64\www\flarum\vendor\laminas\laminas-stratigility\src\Next.php(61): Flarum\Http\Middleware\CheckCsrfToken->process(Object(Laminas\Diactoros\ServerRequest), Object(Laminas\Stratigility\Next))
#14 C:\wamp64\www\flarum\vendor\flarum\core\src\Http\Middleware\AuthenticateWithHeader.php(55): Laminas\Stratigility\Next->handle(Object(Laminas\Diactoros\ServerRequest))
#15 C:\wamp64\www\flarum\vendor\laminas\laminas-stratigility\src\Next.php(61): Flarum\Http\Middleware\AuthenticateWithHeader->process(Object(Laminas\Diactoros\ServerRequest), Object(Laminas\Stratigility\Next))
#16 C:\wamp64\www\flarum\vendor\flarum\core\src\Http\Middleware\AuthenticateWithSession.php(32): Laminas\Stratigility\Next->handle(Object(Laminas\Diactoros\ServerRequest))
#17 C:\wamp64\www\flarum\vendor\laminas\laminas-stratigility\src\Next.php(61): Flarum\Http\Middleware\AuthenticateWithSession->process(Object(Laminas\Diactoros\ServerRequest), Object(Laminas\Stratigility\Next))
#18 C:\wamp64\www\flarum\vendor\flarum\core\src\Http\Middleware\RememberFromCookie.php(51): Laminas\Stratigility\Next->handle(Object(Laminas\Diactoros\ServerRequest))
#19 C:\wamp64\www\flarum\vendor\laminas\laminas-stratigility\src\Next.php(61): Flarum\Http\Middleware\RememberFromCookie->process(Object(Laminas\Diactoros\ServerRequest), Object(Laminas\Stratigility\Next))
#20 C:\wamp64\www\flarum\vendor\flarum\core\src\Http\Middleware\StartSession.php(61): Laminas\Stratigility\Next->handle(Object(Laminas\Diactoros\ServerRequest))
#21 C:\wamp64\www\flarum\vendor\laminas\laminas-stratigility\src\Next.php(61): Flarum\Http\Middleware\StartSession->process(Object(Laminas\Diactoros\ServerRequest), Object(Laminas\Stratigility\Next))
#22 C:\wamp64\www\flarum\vendor\flarum\core\src\Api\Middleware\FakeHttpMethods.php(29): Laminas\Stratigility\Next->handle(Object(Laminas\Diactoros\ServerRequest))
#23 C:\wamp64\www\flarum\vendor\laminas\laminas-stratigility\src\Next.php(61): Flarum\Api\Middleware\FakeHttpMethods->process(Object(Laminas\Diactoros\ServerRequest), Object(Laminas\Stratigility\Next))
#24 C:\wamp64\www\flarum\vendor\flarum\core\src\Http\Middleware\ParseJsonBody.php(28): Laminas\Stratigility\Next->handle(Object(Laminas\Diactoros\ServerRequest))
#25 C:\wamp64\www\flarum\vendor\laminas\laminas-stratigility\src\Next.php(61): Flarum\Http\Middleware\ParseJsonBody->process(Object(Laminas\Diactoros\ServerRequest), Object(Laminas\Stratigility\Next))
#26 C:\wamp64\www\flarum\vendor\flarum\core\src\Http\Middleware\HandleErrors.php(57): Laminas\Stratigility\Next->handle(Object(Laminas\Diactoros\ServerRequest))
#27 C:\wamp64\www\flarum\vendor\laminas\laminas-stratigility\src\Next.php(61): Flarum\Http\Middleware\HandleErrors->process(Object(Laminas\Diactoros\ServerRequest), Object(Laminas\Stratigility\Next))
#28 C:\wamp64\www\flarum\vendor\laminas\laminas-stratigility\src\MiddlewarePipe.php(84): Laminas\Stratigility\Next->handle(Object(Laminas\Diactoros\ServerRequest))
#29 C:\wamp64\www\flarum\vendor\middlewares\request-handler\src\RequestHandler.php(84): Laminas\Stratigility\MiddlewarePipe->process(Object(Laminas\Diactoros\ServerRequest), Object(Laminas\Stratigility\Next))
#30 C:\wamp64\www\flarum\vendor\laminas\laminas-stratigility\src\Next.php(61): Middlewares\RequestHandler->process(Object(Laminas\Diactoros\ServerRequest), Object(Laminas\Stratigility\Next))
#31 C:\wamp64\www\flarum\vendor\middlewares\base-path-router\src\BasePathRouter.php(97): Laminas\Stratigility\Next->handle(Object(Laminas\Diactoros\ServerRequest))
#32 C:\wamp64\www\flarum\vendor\laminas\laminas-stratigility\src\Next.php(61): Middlewares\BasePathRouter->process(Object(Laminas\Diactoros\ServerRequest), Object(Laminas\Stratigility\Next))
#33 C:\wamp64\www\flarum\vendor\laminas\laminas-stratigility\src\Middleware\OriginalMessages.php(42): Laminas\Stratigility\Next->handle(Object(Laminas\Diactoros\ServerRequest))
#34 C:\wamp64\www\flarum\vendor\laminas\laminas-stratigility\src\Next.php(61): Laminas\Stratigility\Middleware\OriginalMessages->process(Object(Laminas\Diactoros\ServerRequest), Object(Laminas\Stratigility\Next))
#35 C:\wamp64\www\flarum\vendor\middlewares\base-path\src\BasePath.php(53): Laminas\Stratigility\Next->handle(Object(Laminas\Diactoros\ServerRequest))
#36 C:\wamp64\www\flarum\vendor\laminas\laminas-stratigility\src\Next.php(61): Middlewares\BasePath->process(Object(Laminas\Diactoros\ServerRequest), Object(Laminas\Stratigility\Next))
#37 C:\wamp64\www\flarum\vendor\laminas\laminas-stratigility\src\MiddlewarePipe.php(84): Laminas\Stratigility\Next->handle(Object(Laminas\Diactoros\ServerRequest))
#38 C:\wamp64\www\flarum\vendor\laminas\laminas-stratigility\src\MiddlewarePipe.php(73): Laminas\Stratigility\MiddlewarePipe->process(Object(Laminas\Diactoros\ServerRequest), Object(Laminas\Stratigility\EmptyPipelineHandler))
#39 C:\wamp64\www\flarum\vendor\laminas\laminas-httphandlerrunner\src\RequestHandlerRunner.php(96): Laminas\Stratigility\MiddlewarePipe->handle(Object(Laminas\Diactoros\ServerRequest))
#40 C:\wamp64\www\flarum\vendor\flarum\core\src\Http\Server.php(42): Laminas\HttpHandlerRunner\RequestHandlerRunner->run()
#41 C:\wamp64\www\flarum\public\index.php(26): Flarum\Http\Server->listen()
#42 {main}  
[2021-05-12 12:36:31] flarum.ERROR: Swift_TransportException: Failed to authenticate on SMTP server with username "popoli2424@gmail.com" using 3 possible authenticators. Authenticator LOGIN returned Expected response code 235 but got code "535", with message "535-5.7.8 Username and Password not accepted. Learn more at
535 5.7.8  https://support.google.com/mail/?p=BadCredentials u27sm8673168qku.33 - gsmtp
". Authenticator PLAIN returned Expected response code 235 but got code "535", with message "535-5.7.8 Username and Password not accepted. Learn more at
535 5.7.8  https://support.google.com/mail/?p=BadCredentials u27sm8673168qku.33 - gsmtp
". Authenticator XOAUTH2 returned Expected response code 250 but got code "535", with message "535-5.7.8 Username and Password not accepted. Learn more at
535 5.7.8  https://support.google.com/mail/?p=BadCredentials u27sm8673168qku.33 - gsmtp
". in C:\wamp64\www\flarum\vendor\swiftmailer\swiftmailer\lib\classes\Swift\Transport\Esmtp\AuthHandler.php:191
Stack trace:
#0 C:\wamp64\www\flarum\vendor\swiftmailer\swiftmailer\lib\classes\Swift\Transport\EsmtpTransport.php(371): Swift_Transport_Esmtp_AuthHandler->afterEhlo(Object(Swift_SmtpTransport))
#1 C:\wamp64\www\flarum\vendor\swiftmailer\swiftmailer\lib\classes\Swift\Transport\AbstractSmtpTransport.php(148): Swift_Transport_EsmtpTransport->doHeloCommand()
#2 C:\wamp64\www\flarum\vendor\swiftmailer\swiftmailer\lib\classes\Swift\Mailer.php(65): Swift_Transport_AbstractSmtpTransport->start()
#3 C:\wamp64\www\flarum\vendor\illuminate\mail\Mailer.php(488): Swift_Mailer->send(Object(Swift_Message), Array)
#4 C:\wamp64\www\flarum\vendor\illuminate\mail\Mailer.php(261): Illuminate\Mail\Mailer->sendSwiftMessage(Object(Swift_Message))
#5 C:\wamp64\www\flarum\vendor\illuminate\mail\Mailer.php(185): Illuminate\Mail\Mailer->send(NULL, Array, Object(Closure))
#6 C:\wamp64\www\flarum\vendor\flarum\core\src\Api\Controller\SendTestMailController.php(46): Illuminate\Mail\Mailer->raw('Hey administrad...', Object(Closure))
#7 C:\wamp64\www\flarum\vendor\flarum\core\src\Http\RouteHandlerFactory.php(38): Flarum\Api\Controller\SendTestMailController->handle(Object(Laminas\Diactoros\ServerRequest))
#8 C:\wamp64\www\flarum\vendor\flarum\core\src\Http\Middleware\DispatchRoute.php(65): Flarum\Http\RouteHandlerFactory->Flarum\Http\{closure}(Object(Laminas\Diactoros\ServerRequest), Array)
#9 C:\wamp64\www\flarum\vendor\laminas\laminas-stratigility\src\Next.php(61): Flarum\Http\Middleware\DispatchRoute->process(Object(Laminas\Diactoros\ServerRequest), Object(Closure))
#10 C:\wamp64\www\flarum\vendor\flarum\core\src\Http\Middleware\SetLocale.php(50): Laminas\Stratigility\Next->handle(Object(Laminas\Diactoros\ServerRequest))
#11 C:\wamp64\www\flarum\vendor\laminas\laminas-stratigility\src\Next.php(61): Flarum\Http\Middleware\SetLocale->process(Object(Laminas\Diactoros\ServerRequest), Object(Laminas\Stratigility\Next))
#12 C:\wamp64\www\flarum\vendor\flarum\core\src\Http\Middleware\CheckCsrfToken.php(45): Laminas\Stratigility\Next->handle(Object(Laminas\Diactoros\ServerRequest))
#13 C:\wamp64\www\flarum\vendor\laminas\laminas-stratigility\src\Next.php(61): Flarum\Http\Middleware\CheckCsrfToken->process(Object(Laminas\Diactoros\ServerRequest), Object(Laminas\Stratigility\Next))
#14 C:\wamp64\www\flarum\vendor\flarum\core\src\Http\Middleware\AuthenticateWithHeader.php(55): Laminas\Stratigility\Next->handle(Object(Laminas\Diactoros\ServerRequest))
#15 C:\wamp64\www\flarum\vendor\laminas\laminas-stratigility\src\Next.php(61): Flarum\Http\Middleware\AuthenticateWithHeader->process(Object(Laminas\Diactoros\ServerRequest), Object(Laminas\Stratigility\Next))
#16 C:\wamp64\www\flarum\vendor\flarum\core\src\Http\Middleware\AuthenticateWithSession.php(32): Laminas\Stratigility\Next->handle(Object(Laminas\Diactoros\ServerRequest))
#17 C:\wamp64\www\flarum\vendor\laminas\laminas-stratigility\src\Next.php(61): Flarum\Http\Middleware\AuthenticateWithSession->process(Object(Laminas\Diactoros\ServerRequest), Object(Laminas\Stratigility\Next))
#18 C:\wamp64\www\flarum\vendor\flarum\core\src\Http\Middleware\RememberFromCookie.php(51): Laminas\Stratigility\Next->handle(Object(Laminas\Diactoros\ServerRequest))
#19 C:\wamp64\www\flarum\vendor\laminas\laminas-stratigility\src\Next.php(61): Flarum\Http\Middleware\RememberFromCookie->process(Object(Laminas\Diactoros\ServerRequest), Object(Laminas\Stratigility\Next))
#20 C:\wamp64\www\flarum\vendor\flarum\core\src\Http\Middleware\StartSession.php(61): Laminas\Stratigility\Next->handle(Object(Laminas\Diactoros\ServerRequest))
#21 C:\wamp64\www\flarum\vendor\laminas\laminas-stratigility\src\Next.php(61): Flarum\Http\Middleware\StartSession->process(Object(Laminas\Diactoros\ServerRequest), Object(Laminas\Stratigility\Next))
#22 C:\wamp64\www\flarum\vendor\flarum\core\src\Api\Middleware\FakeHttpMethods.php(29): Laminas\Stratigility\Next->handle(Object(Laminas\Diactoros\ServerRequest))
#23 C:\wamp64\www\flarum\vendor\laminas\laminas-stratigility\src\Next.php(61): Flarum\Api\Middleware\FakeHttpMethods->process(Object(Laminas\Diactoros\ServerRequest), Object(Laminas\Stratigility\Next))
#24 C:\wamp64\www\flarum\vendor\flarum\core\src\Http\Middleware\ParseJsonBody.php(28): Laminas\Stratigility\Next->handle(Object(Laminas\Diactoros\ServerRequest))
#25 C:\wamp64\www\flarum\vendor\laminas\laminas-stratigility\src\Next.php(61): Flarum\Http\Middleware\ParseJsonBody->process(Object(Laminas\Diactoros\ServerRequest), Object(Laminas\Stratigility\Next))
#26 C:\wamp64\www\flarum\vendor\flarum\core\src\Http\Middleware\HandleErrors.php(57): Laminas\Stratigility\Next->handle(Object(Laminas\Diactoros\ServerRequest))
#27 C:\wamp64\www\flarum\vendor\laminas\laminas-stratigility\src\Next.php(61): Flarum\Http\Middleware\HandleErrors->process(Object(Laminas\Diactoros\ServerRequest), Object(Laminas\Stratigility\Next))
#28 C:\wamp64\www\flarum\vendor\laminas\laminas-stratigility\src\MiddlewarePipe.php(84): Laminas\Stratigility\Next->handle(Object(Laminas\Diactoros\ServerRequest))
#29 C:\wamp64\www\flarum\vendor\middlewares\request-handler\src\RequestHandler.php(84): Laminas\Stratigility\MiddlewarePipe->process(Object(Laminas\Diactoros\ServerRequest), Object(Laminas\Stratigility\Next))
#30 C:\wamp64\www\flarum\vendor\laminas\laminas-stratigility\src\Next.php(61): Middlewares\RequestHandler->process(Object(Laminas\Diactoros\ServerRequest), Object(Laminas\Stratigility\Next))
#31 C:\wamp64\www\flarum\vendor\middlewares\base-path-router\src\BasePathRouter.php(97): Laminas\Stratigility\Next->handle(Object(Laminas\Diactoros\ServerRequest))
#32 C:\wamp64\www\flarum\vendor\laminas\laminas-stratigility\src\Next.php(61): Middlewares\BasePathRouter->process(Object(Laminas\Diactoros\ServerRequest), Object(Laminas\Stratigility\Next))
#33 C:\wamp64\www\flarum\vendor\laminas\laminas-stratigility\src\Middleware\OriginalMessages.php(42): Laminas\Stratigility\Next->handle(Object(Laminas\Diactoros\ServerRequest))
#34 C:\wamp64\www\flarum\vendor\laminas\laminas-stratigility\src\Next.php(61): Laminas\Stratigility\Middleware\OriginalMessages->process(Object(Laminas\Diactoros\ServerRequest), Object(Laminas\Stratigility\Next))
#35 C:\wamp64\www\flarum\vendor\middlewares\base-path\src\BasePath.php(53): Laminas\Stratigility\Next->handle(Object(Laminas\Diactoros\ServerRequest))
#36 C:\wamp64\www\flarum\vendor\laminas\laminas-stratigility\src\Next.php(61): Middlewares\BasePath->process(Object(Laminas\Diactoros\ServerRequest), Object(Laminas\Stratigility\Next))
#37 C:\wamp64\www\flarum\vendor\laminas\laminas-stratigility\src\MiddlewarePipe.php(84): Laminas\Stratigility\Next->handle(Object(Laminas\Diactoros\ServerRequest))
#38 C:\wamp64\www\flarum\vendor\laminas\laminas-stratigility\src\MiddlewarePipe.php(73): Laminas\Stratigility\MiddlewarePipe->process(Object(Laminas\Diactoros\ServerRequest), Object(Laminas\Stratigility\EmptyPipelineHandler))
#39 C:\wamp64\www\flarum\vendor\laminas\laminas-httphandlerrunner\src\RequestHandlerRunner.php(96): Laminas\Stratigility\MiddlewarePipe->handle(Object(Laminas\Diactoros\ServerRequest))
#40 C:\wamp64\www\flarum\vendor\flarum\core\src\Http\Server.php(42): Laminas\HttpHandlerRunner\RequestHandlerRunner->run()
#41 C:\wamp64\www\flarum\public\index.php(26): Flarum\Http\Server->listen()
#42 {main}  
